#
# There is insufficient memory for the Java Runtime Environment to continue.
# Native memory allocation (mmap) failed to map 169869312 bytes for committing reserved memory.
# Possible reasons:
#   The system is out of physical RAM or swap space
#   In 32 bit mode, the process size limit was hit
# Possible solutions:
#   Reduce memory load on the system
#   Increase physical memory or swap space
#   Check if swap backing store is full
#   Use 64 bit Java on a 64 bit OS
#   Decrease Java heap size (-Xmx/-Xms)
#   Decrease number of Java threads
#   Decrease Java thread stack sizes (-Xss)
#   Set larger code cache with -XX:ReservedCodeCacheSize=
# This output file may be truncated or incomplete.
#
#  Out of Memory Error (os_linux.cpp:2640), pid=8088, tid=0x00007f9d45b0b700
#
# JRE version: Java(TM) SE Runtime Environment (8.0_131-b11) (build 1.8.0_131-b11)
# Java VM: Java HotSpot(TM) 64-Bit Server VM (25.131-b11 mixed mode linux-amd64 compressed oops)
# Core dump written. Default location: /home/willon/IdeaProjects/Woss_ChenLong/M0010_MapreReduce_0010/core or core.8088
#

---------------  T H R E A D  ---------------

Current thread (0x00007f9d7c1c7000):  VMThread [stack: 0x00007f9d45a0b000,0x00007f9d45b0c000] [id=8098]

Stack: [0x00007f9d45a0b000,0x00007f9d45b0c000],  sp=0x00007f9d45b0a3a0,  free space=1020k
Native frames: (J=compiled Java code, j=interpreted, Vv=VM code, C=native code)
V  [libjvm.so+0xac826a]  VMError::report_and_die()+0x2ba
V  [libjvm.so+0x4fd4cb]  report_vm_out_of_memory(char const*, int, unsigned long, VMErrorType, char const*)+0x8b
V  [libjvm.so+0x924f53]  os::Linux::commit_memory_impl(char*, unsigned long, bool)+0x103
V  [libjvm.so+0x9254a9]  os::pd_commit_memory(char*, unsigned long, unsigned long, bool)+0x29
V  [libjvm.so+0x91f6ca]  os::commit_memory(char*, unsigned long, unsigned long, bool)+0x2a
V  [libjvm.so+0x9941e3]  PSVirtualSpace::expand_by(unsigned long)+0x53
V  [libjvm.so+0x984aa0]  PSOldGen::expand(unsigned long)+0x170
V  [libjvm.so+0x984cab]  PSOldGen::resize(unsigned long)+0x1cb
V  [libjvm.so+0x98c9b1]  PSParallelCompact::invoke_no_policy(bool)+0x991
V  [libjvm.so+0x99230d]  PSScavenge::invoke()+0x1ad
V  [libjvm.so+0x948f00]  ParallelScavengeHeap::failed_mem_allocate(unsigned long)+0x70
V  [libjvm.so+0xac9c87]  VM_ParallelGCFailedAllocation::doit()+0x97
V  [libjvm.so+0xad1765]  VM_Operation::evaluate()+0x55
V  [libjvm.so+0xacfb3a]  VMThread::evaluate_operation(VM_Operation*)+0xba
V  [libjvm.so+0xacfebe]  VMThread::loop()+0x1ce
V  [libjvm.so+0xad0330]  VMThread::run()+0x70
V  [libjvm.so+0x927568]  java_start(Thread*)+0x108

VM_Operation (0x00007f9d82e2eab0): ParallelGCFailedAllocation, mode: safepoint, requested by thread 0x00007f9d7c009000


---------------  P R O C E S S  ---------------

Java Threads: ( => current thread )
  0x00007f9d7de3c000 JavaThread "pool-1-thread-8" [_thread_blocked, id=8152, stack(0x00007f9cfb6f9000,0x00007f9cfb7fa000)]
  0x00007f9d7de3a800 JavaThread "pool-1-thread-7" [_thread_blocked, id=8151, stack(0x00007f9cfb7fa000,0x00007f9cfb8fb000)]
  0x00007f9d7de19800 JavaThread "pool-1-thread-6" [_thread_blocked, id=8150, stack(0x00007f9cfb8fb000,0x00007f9cfb9fc000)]
  0x00007f9d7de17800 JavaThread "pool-1-thread-5" [_thread_blocked, id=8149, stack(0x00007f9cfb9fc000,0x00007f9cfbafd000)]
  0x00007f9d7de00000 JavaThread "pool-1-thread-4" [_thread_blocked, id=8148, stack(0x00007f9cfbafd000,0x00007f9cfbbfe000)]
  0x00007f9d7ddfe800 JavaThread "pool-1-thread-3" [_thread_blocked, id=8147, stack(0x00007f9cfbbfe000,0x00007f9cfbcff000)]
  0x00007f9d7dde6800 JavaThread "pool-1-thread-2" [_thread_blocked, id=8146, stack(0x00007f9cfbcff000,0x00007f9cfbe00000)]
  0x00007f9d7dde6000 JavaThread "pool-1-thread-1" [_thread_blocked, id=8145, stack(0x00007f9d3003c000,0x00007f9d3013d000)]
  0x00007f9d7d351000 JavaThread "resolver-5" daemon [_thread_blocked, id=8113, stack(0x00007f9d3086e000,0x00007f9d3096f000)]
  0x00007f9d7d34f800 JavaThread "resolver-4" daemon [_thread_blocked, id=8112, stack(0x00007f9d3096f000,0x00007f9d30a70000)]
  0x00007f9d7d32c000 JavaThread "resolver-3" daemon [_thread_blocked, id=8111, stack(0x00007f9d30a70000,0x00007f9d30b71000)]
  0x00007f9d7d32b800 JavaThread "resolver-2" daemon [_thread_blocked, id=8110, stack(0x00007f9d30b71000,0x00007f9d30c72000)]
  0x00007f9d7d32a800 JavaThread "resolver-1" daemon [_thread_blocked, id=8109, stack(0x00007f9d30c72000,0x00007f9d30d73000)]
  0x00007f9d7c255800 JavaThread "Service Thread" daemon [_thread_blocked, id=8107, stack(0x00007f9d44eeb000,0x00007f9d44fec000)]
  0x00007f9d7c24a800 JavaThread "C1 CompilerThread3" daemon [_thread_blocked, id=8106, stack(0x00007f9d44fec000,0x00007f9d450ed000)]
  0x00007f9d7c248000 JavaThread "C2 CompilerThread2" daemon [_thread_blocked, id=8105, stack(0x00007f9d450ed000,0x00007f9d451ee000)]
  0x00007f9d7c245800 JavaThread "C2 CompilerThread1" daemon [_thread_blocked, id=8104, stack(0x00007f9d451ee000,0x00007f9d452ef000)]
  0x00007f9d7c244000 JavaThread "C2 CompilerThread0" daemon [_thread_blocked, id=8103, stack(0x00007f9d45506000,0x00007f9d45607000)]
  0x00007f9d7c239800 JavaThread "Monitor Ctrl-Break" daemon [_thread_in_native, id=8102, stack(0x00007f9d45607000,0x00007f9d45708000)]
  0x00007f9d7c203800 JavaThread "Signal Dispatcher" daemon [_thread_blocked, id=8101, stack(0x00007f9d45708000,0x00007f9d45809000)]
  0x00007f9d7c1d3000 JavaThread "Finalizer" daemon [_thread_blocked, id=8100, stack(0x00007f9d45809000,0x00007f9d4590a000)]
  0x00007f9d7c1ce800 JavaThread "Reference Handler" daemon [_thread_blocked, id=8099, stack(0x00007f9d4590a000,0x00007f9d45a0b000)]
  0x00007f9d7c009000 JavaThread "main" [_thread_blocked, id=8089, stack(0x00007f9d82d31000,0x00007f9d82e32000)]

Other Threads:
=>0x00007f9d7c1c7000 VMThread [stack: 0x00007f9d45a0b000,0x00007f9d45b0c000] [id=8098]
  0x00007f9d7c258800 WatcherThread [stack: 0x00007f9d44dea000,0x00007f9d44eeb000] [id=8108]

VM state:at safepoint (normal execution)

VM Mutex/Monitor currently owned by a thread:  ([mutex/lock_event])
[0x00007f9d7c006cf0] ExpandHeap_lock - owner thread: 0x00007f9d7c1c7000
[0x00007f9d7c007370] Threads_lock - owner thread: 0x00007f9d7c1c7000
[0x00007f9d7c007870] Heap_lock - owner thread: 0x00007f9d7c009000

Heap:
 PSYoungGen      total 459264K, used 0K [0x00000000d8000000, 0x0000000100000000, 0x0000000100000000)
  eden space 404992K, 0% used [0x00000000d8000000,0x00000000d8000000,0x00000000f0b80000)
  from space 54272K, 0% used [0x00000000f0b80000,0x00000000f0b80000,0x00000000f4080000)
  to   space 95744K, 0% used [0x00000000fa280000,0x00000000fa280000,0x0000000100000000)
 ParOldGen       total 229888K, used 220832K [0x0000000088000000, 0x0000000096080000, 0x00000000d8000000)
  object space 229888K, 96% used [0x0000000088000000,0x00000000957a8300,0x0000000096080000)
 Metaspace       used 34754K, capacity 36062K, committed 36392K, reserved 1081344K
  class space    used 4197K, capacity 4659K, committed 4736K, reserved 1048576K

Card table byte_map: [0x00007f9d6c87f000,0x00007f9d6cc40000] byte_map_base: 0x00007f9d6c43f000

Marking Bits: (ParMarkBitMap*) 0x00007f9d821f8f60
 Begin Bits: [0x00007f9d64400000, 0x00007f9d66200000)
 End Bits:   [0x00007f9d66200000, 0x00007f9d68000000)

Polling page: 0x00007f9d82e46000

CodeCache: size=245760Kb used=20159Kb max_used=20578Kb free=225600Kb
 bounds [0x00007f9d6d000000, 0x00007f9d6e450000, 0x00007f9d7c000000]
 total_blobs=5831 nmethods=5437 adapters=307
 compilation: enabled

Compilation events (10 events):
Event: 13.052 Thread 0x00007f9d7c245800 nmethod 6510 0x00007f9d6dfc9810 code [0x00007f9d6dfc9d20, 0x00007f9d6dfcc058]
Event: 13.055 Thread 0x00007f9d7c248000 nmethod 6512% 0x00007f9d6debae50 code [0x00007f9d6debb020, 0x00007f9d6debbd58]
Event: 13.062 Thread 0x00007f9d7c244000 6513       4       sun.net.www.ParseUtil::encodePath (336 bytes)
Event: 13.071 Thread 0x00007f9d7c244000 nmethod 6513 0x00007f9d6d24c610 code [0x00007f9d6d24c7c0, 0x00007f9d6d24d2d8]
Event: 13.183 Thread 0x00007f9d7c245800 6514 %     4       org.apache.commons.compress.archivers.zip.ZipFile::resolveLocalFileHeaderData @ 106 (298 bytes)
Event: 13.231 Thread 0x00007f9d7c245800 nmethod 6514% 0x00007f9d6e094250 code [0x00007f9d6e094640, 0x00007f9d6e096ad8]
Event: 13.237 Thread 0x00007f9d7c248000 6515       4       java.net.URL::<init> (7 bytes)
Event: 13.237 Thread 0x00007f9d7c248000 nmethod 6515 0x00007f9d6d4fd0d0 code [0x00007f9d6d4fd220, 0x00007f9d6d4fd2a8]
Event: 13.267 Thread 0x00007f9d7c244000 6516       4       java.util.jar.JarFile::match (116 bytes)
Event: 13.270 Thread 0x00007f9d7c244000 nmethod 6516 0x00007f9d6d5cbc10 code [0x00007f9d6d5cbd60, 0x00007f9d6d5cbf98]

GC Heap History (10 events):
Event: 7.501 GC heap after
Heap after GC invocations=12 (full 1):
 PSYoungGen      total 345088K, used 9216K [0x00000000d8000000, 0x00000000f5d00000, 0x0000000100000000)
  eden space 315392K, 0% used [0x00000000d8000000,0x00000000d8000000,0x00000000eb400000)
  from space 29696K, 31% used [0x00000000eb400000,0x00000000ebd00000,0x00000000ed100000)
  to   space 29184K, 0% used [0x00000000f4080000,0x00000000f4080000,0x00000000f5d00000)
 ParOldGen       total 70656K, used 38508K [0x0000000088000000, 0x000000008c500000, 0x00000000d8000000)
  object space 70656K, 54% used [0x0000000088000000,0x000000008a59b358,0x000000008c500000)
 Metaspace       used 34143K, capacity 35392K, committed 35496K, reserved 1081344K
  class space    used 4144K, capacity 4590K, committed 4608K, reserved 1048576K
}
Event: 7.501 GC heap before
{Heap before GC invocations=13 (full 2):
 PSYoungGen      total 345088K, used 9216K [0x00000000d8000000, 0x00000000f5d00000, 0x0000000100000000)
  eden space 315392K, 0% used [0x00000000d8000000,0x00000000d8000000,0x00000000eb400000)
  from space 29696K, 31% used [0x00000000eb400000,0x00000000ebd00000,0x00000000ed100000)
  to   space 29184K, 0% used [0x00000000f4080000,0x00000000f4080000,0x00000000f5d00000)
 ParOldGen       total 70656K, used 38508K [0x0000000088000000, 0x000000008c500000, 0x00000000d8000000)
  object space 70656K, 54% used [0x0000000088000000,0x000000008a59b358,0x000000008c500000)
 Metaspace       used 34143K, capacity 35392K, committed 35496K, reserved 1081344K
  class space    used 4144K, capacity 4590K, committed 4608K, reserved 1048576K
Event: 7.612 GC heap after
Heap after GC invocations=13 (full 2):
 PSYoungGen      total 345088K, used 0K [0x00000000d8000000, 0x00000000f5d00000, 0x0000000100000000)
  eden space 315392K, 0% used [0x00000000d8000000,0x00000000d8000000,0x00000000eb400000)
  from space 29696K, 0% used [0x00000000eb400000,0x00000000eb400000,0x00000000ed100000)
  to   space 29184K, 0% used [0x00000000f4080000,0x00000000f4080000,0x00000000f5d00000)
 ParOldGen       total 112128K, used 34715K [0x0000000088000000, 0x000000008ed80000, 0x00000000d8000000)
  object space 112128K, 30% used [0x0000000088000000,0x000000008a1e6ca8,0x000000008ed80000)
 Metaspace       used 34143K, capacity 35392K, committed 35496K, reserved 1081344K
  class space    used 4144K, capacity 4590K, committed 4608K, reserved 1048576K
}
Event: 9.720 GC heap before
{Heap before GC invocations=14 (full 2):
 PSYoungGen      total 345088K, used 315392K [0x00000000d8000000, 0x00000000f5d00000, 0x0000000100000000)
  eden space 315392K, 100% used [0x00000000d8000000,0x00000000eb400000,0x00000000eb400000)
  from space 29696K, 0% used [0x00000000eb400000,0x00000000eb400000,0x00000000ed100000)
  to   space 29184K, 0% used [0x00000000f4080000,0x00000000f4080000,0x00000000f5d00000)
 ParOldGen       total 112128K, used 34715K [0x0000000088000000, 0x000000008ed80000, 0x00000000d8000000)
  object space 112128K, 30% used [0x0000000088000000,0x000000008a1e6ca8,0x000000008ed80000)
 Metaspace       used 34709K, capacity 36030K, committed 36392K, reserved 1081344K
  class space    used 4192K, capacity 4627K, committed 4736K, reserved 1048576K
Event: 9.780 GC heap after
Heap after GC invocations=14 (full 2):
 PSYoungGen      total 434176K, used 29156K [0x00000000d8000000, 0x00000000f8f80000, 0x0000000100000000)
  eden space 404992K, 0% used [0x00000000d8000000,0x00000000d8000000,0x00000000f0b80000)
  from space 29184K, 99% used [0x00000000f4080000,0x00000000f5cf9010,0x00000000f5d00000)
  to   space 54272K, 0% used [0x00000000f0b80000,0x00000000f0b80000,0x00000000f4080000)
 ParOldGen       total 112128K, used 90840K [0x0000000088000000, 0x000000008ed80000, 0x00000000d8000000)
  object space 112128K, 81% used [0x0000000088000000,0x000000008d8b6060,0x000000008ed80000)
 Metaspace       used 34709K, capacity 36030K, committed 36392K, reserved 1081344K
  class space    used 4192K, capacity 4627K, committed 4736K, reserved 1048576K
}
Event: 9.780 GC heap before
{Heap before GC invocations=15 (full 3):
 PSYoungGen      total 434176K, used 29156K [0x00000000d8000000, 0x00000000f8f80000, 0x0000000100000000)
  eden space 404992K, 0% used [0x00000000d8000000,0x00000000d8000000,0x00000000f0b80000)
  from space 29184K, 99% used [0x00000000f4080000,0x00000000f5cf9010,0x00000000f5d00000)
  to   space 54272K, 0% used [0x00000000f0b80000,0x00000000f0b80000,0x00000000f4080000)
 ParOldGen       total 112128K, used 90840K [0x0000000088000000, 0x000000008ed80000, 0x00000000d8000000)
  object space 112128K, 81% used [0x0000000088000000,0x000000008d8b6060,0x000000008ed80000)
 Metaspace       used 34709K, capacity 36030K, committed 36392K, reserved 1081344K
  class space    used 4192K, capacity 4627K, committed 4736K, reserved 1048576K
Event: 10.021 GC heap after
Heap after GC invocations=15 (full 3):
 PSYoungGen      total 434176K, used 0K [0x00000000d8000000, 0x00000000f8f80000, 0x0000000100000000)
  eden space 404992K, 0% used [0x00000000d8000000,0x00000000d8000000,0x00000000f0b80000)
  from space 29184K, 0% used [0x00000000f4080000,0x00000000f4080000,0x00000000f5d00000)
  to   space 54272K, 0% used [0x00000000f0b80000,0x00000000f0b80000,0x00000000f4080000)
 ParOldGen       total 229888K, used 111894K [0x0000000088000000, 0x0000000096080000, 0x00000000d8000000)
  object space 229888K, 48% used [0x0000000088000000,0x000000008ed45a98,0x0000000096080000)
 Metaspace       used 34709K, capacity 36030K, committed 36392K, reserved 1081344K
  class space    used 4192K, capacity 4627K, committed 4736K, reserved 1048576K
}
Event: 13.848 GC heap before
{Heap before GC invocations=16 (full 3):
 PSYoungGen      total 434176K, used 404992K [0x00000000d8000000, 0x00000000f8f80000, 0x0000000100000000)
  eden space 404992K, 100% used [0x00000000d8000000,0x00000000f0b80000,0x00000000f0b80000)
  from space 29184K, 0% used [0x00000000f4080000,0x00000000f4080000,0x00000000f5d00000)
  to   space 54272K, 0% used [0x00000000f0b80000,0x00000000f0b80000,0x00000000f4080000)
 ParOldGen       total 229888K, used 111894K [0x0000000088000000, 0x0000000096080000, 0x00000000d8000000)
  object space 229888K, 48% used [0x0000000088000000,0x000000008ed45a98,0x0000000096080000)
 Metaspace       used 34754K, capacity 36062K, committed 36392K, reserved 1081344K
  class space    used 4197K, capacity 4659K, committed 4736K, reserved 1048576K
Event: 13.944 GC heap after
Heap after GC invocations=16 (full 3):
 PSYoungGen      total 459264K, used 54241K [0x00000000d8000000, 0x0000000100000000, 0x0000000100000000)
  eden space 404992K, 0% used [0x00000000d8000000,0x00000000d8000000,0x00000000f0b80000)
  from space 54272K, 99% used [0x00000000f0b80000,0x00000000f4078718,0x00000000f4080000)
  to   space 95744K, 0% used [0x00000000fa280000,0x00000000fa280000,0x0000000100000000)
 ParOldGen       total 229888K, used 199779K [0x0000000088000000, 0x0000000096080000, 0x00000000d8000000)
  object space 229888K, 86% used [0x0000000088000000,0x0000000094318c10,0x0000000096080000)
 Metaspace       used 34754K, capacity 36062K, committed 36392K, reserved 1081344K
  class space    used 4197K, capacity 4659K, committed 4736K, reserved 1048576K
}
Event: 13.944 GC heap before
{Heap before GC invocations=17 (full 4):
 PSYoungGen      total 459264K, used 54241K [0x00000000d8000000, 0x0000000100000000, 0x0000000100000000)
  eden space 404992K, 0% used [0x00000000d8000000,0x00000000d8000000,0x00000000f0b80000)
  from space 54272K, 99% used [0x00000000f0b80000,0x00000000f4078718,0x00000000f4080000)
  to   space 95744K, 0% used [0x00000000fa280000,0x00000000fa280000,0x0000000100000000)
 ParOldGen       total 229888K, used 199779K [0x0000000088000000, 0x0000000096080000, 0x00000000d8000000)
  object space 229888K, 86% used [0x0000000088000000,0x0000000094318c10,0x0000000096080000)
 Metaspace       used 34754K, capacity 36062K, committed 36392K, reserved 1081344K
  class space    used 4197K, capacity 4659K, committed 4736K, reserved 1048576K

Deoptimization events (10 events):
Event: 12.902 Thread 0x00007f9d7c009000 Uncommon trap: reason=unstable_if action=reinterpret pc=0x00007f9d6e3fa394 method=org.codehaus.plexus.archiver.zip.AbstractZipArchiver.maybeSequence([BILjava/io/InputStream;)Ljava/io/InputStream; @ 1
Event: 12.902 Thread 0x00007f9d7c009000 Uncommon trap: reason=bimorphic action=maybe_recompile pc=0x00007f9d6e3d45cc method=org.apache.commons.compress.archivers.zip.StreamCompressor.deflate(Ljava/io/InputStream;I)V @ 15
Event: 12.902 Thread 0x00007f9d7c009000 Uncommon trap: reason=bimorphic action=maybe_recompile pc=0x00007f9d6e3d45cc method=org.apache.commons.compress.archivers.zip.StreamCompressor.deflate(Ljava/io/InputStream;I)V @ 15
Event: 12.902 Thread 0x00007f9d7c009000 Uncommon trap: reason=unstable_if action=reinterpret pc=0x00007f9d6e0b0558 method=org.codehaus.plexus.archiver.zip.AbstractZipArchiver.maybeSequence([BILjava/io/InputStream;)Ljava/io/InputStream; @ 1
Event: 12.902 Thread 0x00007f9d7c009000 Uncommon trap: reason=bimorphic action=maybe_recompile pc=0x00007f9d6e3d45cc method=org.apache.commons.compress.archivers.zip.StreamCompressor.deflate(Ljava/io/InputStream;I)V @ 15
Event: 12.902 Thread 0x00007f9d7c009000 Uncommon trap: reason=bimorphic action=maybe_recompile pc=0x00007f9d6e3d45cc method=org.apache.commons.compress.archivers.zip.StreamCompressor.deflate(Ljava/io/InputStream;I)V @ 15
Event: 12.905 Thread 0x00007f9d7c009000 Uncommon trap: reason=unstable_if action=reinterpret pc=0x00007f9d6d2d9284 method=sun.net.www.ParseUtil.encodePath(Ljava/lang/String;Z)Ljava/lang/String; @ 145
Event: 12.905 Thread 0x00007f9d7c009000 Uncommon trap: reason=unstable_if action=reinterpret pc=0x00007f9d6e3c8fc0 method=sun.net.www.ParseUtil.decode(Ljava/lang/String;)Ljava/lang/String; @ 15
Event: 12.921 Thread 0x00007f9d7c009000 Uncommon trap: reason=predicate action=maybe_recompile pc=0x00007f9d6d363944 method=java.util.LinkedList.toArray([Ljava/lang/Object;)[Ljava/lang/Object; @ 45
Event: 12.921 Thread 0x00007f9d7c009000 Uncommon trap: reason=array_check action=maybe_recompile pc=0x00007f9d6d6d863c method=java.util.LinkedList.toArray([Ljava/lang/Object;)[Ljava/lang/Object; @ 55

Internal exceptions (10 events):
Event: 3.420 Thread 0x00007f9d7c009000 Exception <a 'java/lang/NoClassDefFoundError': org/sonatype/aether/collection/DependencyCollectionException> (0x00000000de7b4f28) thrown at [/HUDSON/workspace/8-2-build-linux-amd64/jdk8u131/8869/hotspot/src/share/vm/classfile/systemDictionary.cpp, line 19
Event: 3.460 Thread 0x00007f9d7c009000 Exception <a 'java/lang/NoClassDefFoundError': org/sonatype/aether/resolution/ArtifactResolutionException> (0x00000000deb34da8) thrown at [/HUDSON/workspace/8-2-build-linux-amd64/jdk8u131/8869/hotspot/src/share/vm/classfile/systemDictionary.cpp, line 199]
Event: 3.462 Thread 0x00007f9d7c009000 Exception <a 'java/lang/NoClassDefFoundError': org/sonatype/aether/metadata/Metadata> (0x00000000deb67ff8) thrown at [/HUDSON/workspace/8-2-build-linux-amd64/jdk8u131/8869/hotspot/src/share/vm/classfile/systemDictionary.cpp, line 199]
Event: 3.854 Thread 0x00007f9d7c009000 Implicit null exception at 0x00007f9d6d13857c to 0x00007f9d6d138ed5
Event: 4.273 Thread 0x00007f9d7c009000 Implicit null exception at 0x00007f9d6d72c300 to 0x00007f9d6d72e5d9
Event: 5.343 Thread 0x00007f9d7c009000 Exception <a 'java/lang/NoClassDefFoundError': org/sonatype/aether/graph/Dependency> (0x00000000e101b128) thrown at [/HUDSON/workspace/8-2-build-linux-amd64/jdk8u131/8869/hotspot/src/share/vm/classfile/systemDictionary.cpp, line 199]
Event: 6.352 Thread 0x00007f9d7c009000 Implicit null exception at 0x00007f9d6ded648e to 0x00007f9d6ded66d1
Event: 6.664 Thread 0x00007f9d7c009000 Exception <a 'java/lang/NoClassDefFoundError': org/sonatype/aether/graph/Dependency> (0x00000000dcff9bd8) thrown at [/HUDSON/workspace/8-2-build-linux-amd64/jdk8u131/8869/hotspot/src/share/vm/classfile/systemDictionary.cpp, line 199]
Event: 6.955 Thread 0x00007f9d7c009000 Implicit null exception at 0x00007f9d6e1a784b to 0x00007f9d6e1ab5c1
Event: 6.966 Thread 0x00007f9d7c009000 Implicit null exception at 0x00007f9d6e19476b to 0x00007f9d6e195fa5

Events (10 events):
Event: 12.925 Thread 0x00007f9d7c248000 flushing nmethod 0x00007f9d6e081a10
Event: 12.925 Thread 0x00007f9d7c248000 flushing nmethod 0x00007f9d6e086e50
Event: 12.925 Thread 0x00007f9d7c248000 flushing nmethod 0x00007f9d6e093690
Event: 12.926 Thread 0x00007f9d7c248000 flushing nmethod 0x00007f9d6e193dd0
Event: 12.926 Thread 0x00007f9d7c248000 flushing nmethod 0x00007f9d6e1a7250
Event: 13.062 Thread 0x00007f9d7c009000 DEOPT PACKING pc=0x00007f9d6d155f93 sp=0x00007f9d82e2e080
Event: 13.062 Thread 0x00007f9d7c009000 DEOPT UNPACKING pc=0x00007f9d6d047633 sp=0x00007f9d82e2de00 mode 0
Event: 13.267 Thread 0x00007f9d7c009000 DEOPT PACKING pc=0x00007f9d6db3ffee sp=0x00007f9d82e2dff0
Event: 13.267 Thread 0x00007f9d7c009000 DEOPT UNPACKING pc=0x00007f9d6d047633 sp=0x00007f9d82e2dd20 mode 0
Event: 13.848 Executing VM operation: ParallelGCFailedAllocation


Dynamic libraries:
00400000-00401000 r-xp 00000000 08:02 1711163                            /usr/local/lib/jdk-8/bin/java
00600000-00601000 rw-p 00000000 08:02 1711163                            /usr/local/lib/jdk-8/bin/java
01ece000-01eef000 rw-p 00000000 00:00 0                                  [heap]
88000000-96080000 rw-p 00000000 00:00 0 
a0280000-d8000000 ---p 00000000 00:00 0 
d8000000-100000000 rw-p 00000000 00:00 0 
100000000-1004a0000 rw-p 00000000 00:00 0 
1004a0000-140000000 ---p 00000000 00:00 0 
7f9cd4000000-7f9cd4043000 rw-p 00000000 00:00 0 
7f9cd4043000-7f9cd8000000 ---p 00000000 00:00 0 
7f9cdc000000-7f9cdc043000 rw-p 00000000 00:00 0 
7f9cdc043000-7f9ce0000000 ---p 00000000 00:00 0 
7f9ce0000000-7f9ce0043000 rw-p 00000000 00:00 0 
7f9ce0043000-7f9ce4000000 ---p 00000000 00:00 0 
7f9ce4000000-7f9ce4043000 rw-p 00000000 00:00 0 
7f9ce4043000-7f9ce8000000 ---p 00000000 00:00 0 
7f9ce8000000-7f9ce8043000 rw-p 00000000 00:00 0 
7f9ce8043000-7f9cec000000 ---p 00000000 00:00 0 
7f9cec000000-7f9cec043000 rw-p 00000000 00:00 0 
7f9cec043000-7f9cf0000000 ---p 00000000 00:00 0 
7f9cf0000000-7f9cf0043000 rw-p 00000000 00:00 0 
7f9cf0043000-7f9cf4000000 ---p 00000000 00:00 0 
7f9cf4000000-7f9cf4043000 rw-p 00000000 00:00 0 
7f9cf4043000-7f9cf8000000 ---p 00000000 00:00 0 
7f9cfb4c8000-7f9cfb4e5000 r--s 00196000 08:02 2498174                    /home/willon/.m2/repository/io/netty/netty-all/4.0.23.Final/netty-all-4.0.23.Final.jar
7f9cfb4e5000-7f9cfb4e6000 r--s 00005000 08:02 2498167                    /home/willon/.m2/repository/commons-daemon/commons-daemon/1.0.13/commons-daemon-1.0.13.jar
7f9cfb4e6000-7f9cfb4e8000 r--s 0000f000 08:02 1186081                    /home/willon/.m2/repository/org/apache/hadoop/hadoop-mapreduce-client-jobclient/2.8.1/hadoop-mapreduce-client-jobclient-2.8.1.jar
7f9cfb4e8000-7f9cfb4ea000 r--s 00011000 08:02 1186104                    /home/willon/.m2/repository/org/apache/hadoop/hadoop-mapreduce-client-shuffle/2.8.1/hadoop-mapreduce-client-shuffle-2.8.1.jar
7f9cfb4ea000-7f9cfb4ed000 r--s 000fd000 08:02 1183965                    /home/willon/.m2/repository/org/fusesource/leveldbjni/leveldbjni-all/1.8/leveldbjni-all-1.8.jar
7f9cfb4ed000-7f9cfb4f5000 r--s 00071000 08:02 1186110                    /home/willon/.m2/repository/org/apache/hadoop/hadoop-yarn-server-common/2.8.1/hadoop-yarn-server-common-2.8.1.jar
7f9cfb4f5000-7f9cfb50e000 r--s 00168000 08:02 1186097                    /home/willon/.m2/repository/org/apache/hadoop/hadoop-mapreduce-client-core/2.8.1/hadoop-mapreduce-client-core-2.8.1.jar
7f9cfb50e000-7f9cfb512000 r--s 00035000 08:02 1186098                    /home/willon/.m2/repository/org/apache/hadoop/hadoop-yarn-client/2.8.1/hadoop-yarn-client-2.8.1.jar
7f9cfb512000-7f9cfb513000 r--s 00003000 08:02 1186114                    /home/willon/.m2/repository/com/sun/jersey/contribs/jersey-guice/1.9/jersey-guice-1.9.jar
7f9cfb513000-7f9cfb514000 r--s 00000000 08:02 1182802                    /home/willon/.m2/repository/javax/inject/javax.inject/1/javax.inject-1.jar
7f9cfb514000-7f9cfb523000 r--s 0009f000 08:02 1186106                    /home/willon/.m2/repository/com/google/inject/guice/3.0/guice-3.0.jar
7f9cfb523000-7f9cfb526000 r--s 0001d000 08:02 1185080                    /home/willon/.m2/repository/com/sun/jersey/jersey-client/1.9/jersey-client-1.9.jar
7f9cfb526000-7f9cfb548000 r--s 00236000 08:02 1186090                    /home/willon/.m2/repository/org/apache/hadoop/hadoop-yarn-api/2.8.1/hadoop-yarn-api-2.8.1.jar
7f9cfb548000-7f9cfb562000 r--s 001a0000 08:02 1186115                    /home/willon/.m2/repository/org/apache/hadoop/hadoop-yarn-common/2.8.1/hadoop-yarn-common-2.8.1.jar
7f9cfb562000-7f9cfb56f000 r--s 000b3000 08:02 1186105                    /home/willon/.m2/repository/org/apache/hadoop/hadoop-mapreduce-client-common/2.8.1/hadoop-mapreduce-client-common-2.8.1.jar
7f9cfb56f000-7f9cfb579000 r--s 00081000 08:02 1186092                    /home/willon/.m2/repository/org/apache/hadoop/hadoop-mapreduce-client-app/2.8.1/hadoop-mapreduce-client-app-2.8.1.jar
7f9cfb579000-7f9cfb57a000 r--s 0000f000 08:02 1183929                    /home/willon/.m2/repository/com/squareup/okio/okio/1.4.0/okio-1.4.0.jar
7f9cfb57a000-7f9cfb57f000 r--s 00049000 08:02 1183933                    /home/willon/.m2/repository/com/squareup/okhttp/okhttp/2.4.0/okhttp-2.4.0.jar
7f9cfb57f000-7f9cfb5b6000 r--s 003a1000 08:02 1186085                    /home/willon/.m2/repository/org/apache/hadoop/hadoop-hdfs-client/2.8.1/hadoop-hdfs-client-2.8.1.jar
7f9cfb5b6000-7f9cfb5f2000 r--s 00465000 08:02 1186086                    /home/willon/.m2/repository/org/apache/hadoop/hadoop-hdfs/2.8.1/hadoop-hdfs-2.8.1.jar
7f9cfb5f2000-7f9cfb5f3000 r--s 00007000 08:02 1186084                    /home/willon/.m2/repository/org/apache/hadoop/hadoop-client/2.8.1/hadoop-client-2.8.1.jar
7f9cfb5f3000-7f9cfb60c000 r--s 00152000 08:02 1183940                    /home/willon/.m2/repository/org/apache/htrace/htrace-core4/4.0.1-incubating/htrace-core4-4.0.1-incubating.jar
7f9cfb60c000-7f9cfb614000 r--s 0003b000 08:02 1184445                    /home/willon/.m2/repository/org/apache/curator/curator-recipes/2.7.1/curator-recipes-2.7.1.jar
7f9cfb614000-7f9cfb618000 r--s 0003d000 08:02 1186082                    /home/willon/.m2/repository/com/jcraft/jsch/0.1.51/jsch-0.1.51.jar
7f9cfb618000-7f9cfb61a000 r--s 0000f000 08:02 1184437                    /home/willon/.m2/repository/org/apache/curator/curator-client/2.7.1/curator-client-2.7.1.jar
7f9cfb61a000-7f9cfb620000 r--s 00028000 08:02 1184446                    /home/willon/.m2/repository/org/apache/curator/curator-framework/2.7.1/curator-framework-2.7.1.jar
7f9cfb620000-7f9cfb637000 r--s 0010e000 08:02 2498172                    /home/willon/.m2/repository/io/netty/netty/3.6.2.Final/netty-3.6.2.Final.jar
7f9cfb637000-7f9cfb643000 r--s 000b6000 08:02 1184430                    /home/willon/.m2/repository/org/apache/zookeeper/zookeeper/3.4.6/zookeeper-3.4.6.jar
7f9cfb643000-7f9cfb645000 r--s 00012000 08:02 1184427                    /home/willon/.m2/repository/org/apache/directory/api/api-util/1.0.0-M20/api-util-1.0.0-M20.jar
7f9cfb645000-7f9cfb647000 r--s 00003000 08:02 1184353                    /home/willon/.m2/repository/org/apache/directory/api/api-asn1-api/1.0.0-M20/api-asn1-api-1.0.0-M20.jar
7f9cfb647000-7f9cfb648000 r--s 0000a000 08:02 1184426                    /home/willon/.m2/repository/org/apache/directory/server/apacheds-i18n/2.0.0-M15/apacheds-i18n-2.0.0-M15.jar
7f9cfb648000-7f9cfb65a000 r--s 00097000 08:02 1184423                    /home/willon/.m2/repository/org/apache/directory/server/apacheds-kerberos-codec/2.0.0-M15/apacheds-kerberos-codec-2.0.0-M15.jar
7f9cfb65a000-7f9cfb65c000 r--s 0000b000 08:02 1184422                    /home/willon/.m2/repository/net/minidev/json-smart/1.1.1/json-smart-1.1.1.jar
7f9cfb65c000-7f9cfb65d000 r--s 00000000 08:02 1184374                    /home/willon/.m2/repository/net/jcip/jcip-annotations/1.0/jcip-annotations-1.0.jar
7f9cfb65d000-7f9cfb660000 r--s 00029000 08:02 1184401                    /home/willon/.m2/repository/com/nimbusds/nimbus-jose-jwt/3.9/nimbus-jose-jwt-3.9.jar
7f9cfb660000-7f9cfb663000 r--s 0001b000 08:02 1186087                    /home/willon/.m2/repository/org/apache/hadoop/hadoop-auth/2.8.1/hadoop-auth-2.8.1.jar
7f9cfb663000-7f9cfb668000 r--s 0002a000 08:02 1184410                    /home/willon/.m2/repository/com/google/code/gson/gson/2.2.4/gson-2.2.4.jar
7f9cfb668000-7f9cfb670000 r--s 0007b000 08:02 1183961                    /home/willon/.m2/repository/com/google/protobuf/protobuf-java/2.5.0/protobuf-java-2.5.0.jar
7f9cfb670000-7f9cfb674000 r--s 00014000 08:02 1184454                    /home/willon/.m2/repository/org/tukaani/xz/1.0/xz-1.0.jar
7f9cfb674000-7f9cfb679000 r--s 00036000 08:02 1184432                    /home/willon/.m2/repository/org/apache/commons/commons-compress/1.4.1/commons-compress-1.4.1.jar
7f9cfb679000-7f9cfb67b000 r--s 00130000 08:02 1186108                    /home/willon/.m2/repository/org/xerial/snappy/snappy-java/1.0.5/snappy-java-1.0.5.jar
7f9cfb67b000-7f9cfb67d000 r--s 00006000 08:02 1184400                    /home/willon/.m2/repository/com/thoughtworks/paranamer/paranamer/2.3/paranamer-2.3.jar
7f9cfb67d000-7f9cfb686000 r--s 00062000 08:02 1186088                    /home/willon/.m2/repository/org/apache/avro/avro/1.7.7/avro-1.7.7.jar
7f9cfb686000-7f9cfb688000 r--s 00001000 08:02 1184416                    /home/willon/.m2/repository/org/slf4j/slf4j-log4j12/1.7.10/slf4j-log4j12-1.7.10.jar
7f9cfb688000-7f9cfb689000 r--s 00007000 08:02 1184414                    /home/willon/.m2/repository/org/slf4j/slf4j-api/1.7.10/slf4j-api-1.7.10.jar
7f9cfb689000-7f9cfb690000 r--s 00051000 08:02 3161848                    /home/willon/.m2/repository/commons-configuration/commons-configuration/1.9/commons-configuration-1.9.jar
7f9cfb690000-7f9cfb695000 r--s 00041000 08:02 1183944                    /home/willon/.m2/repository/commons-lang/commons-lang/2.6/commons-lang-2.6.jar
7f9cfb695000-7f9cfb696000 r--s 00004000 08:02 1184387                    /home/willon/.m2/repository/com/jamesmurty/utils/java-xmlbuilder/0.4/java-xmlbuilder-0.4.jar
7f9cfb696000-7f9cfb69f000 r--s 0007b000 08:02 1184347                    /home/willon/.m2/repository/net/java/dev/jets3t/jets3t/0.9.0/jets3t-0.9.0.jar
7f9cfb69f000-7f9cfb6a8000 r--s 0006f000 08:02 1183931                    /home/willon/.m2/repository/log4j/log4j/1.2.17/log4j-1.2.17.jar
7f9cfb6a8000-7f9cfb6a9000 r--s 0000a000 08:02 1183946                    /home/willon/.m2/repository/asm/asm/3.1/asm-3.1.jar
7f9cfb6a9000-7f9cfb6bb000 r--s 0009d000 08:02 1183945                    /home/willon/.m2/repository/com/sun/jersey/jersey-server/1.9/jersey-server-1.9.jar
7f9cfb6bb000-7f9cfb6bc000 r--s 00007000 08:02 1184381                    /home/willon/.m2/repository/org/codehaus/jackson/jackson-xc/1.8.3/jackson-xc-1.8.3.jar
7f9cfb6bc000-7f9cfb6bd000 r--s 00004000 08:02 1184378                    /home/willon/.m2/repository/org/codehaus/jackson/jackson-jaxrs/1.8.3/jackson-jaxrs-1.8.3.jar
7f9cfb6bd000-7f9cfb6cb000 r--s 000b1000 08:02 1183943                    /home/willon/.m2/repository/org/codehaus/jackson/jackson-mapper-asl/1.9.13/jackson-mapper-asl-1.9.13.jar
7f9cfb6cb000-7f9cfb6cf000 r--s 00035000 08:02 1183962                    /home/willon/.m2/repository/org/codehaus/jackson/jackson-core-asl/1.9.13/jackson-core-asl-1.9.13.jar
7f9cfb6cf000-7f9cfb6d1000 r--s 0000e000 08:02 1183148                    /home/willon/.m2/repository/javax/activation/activation/1.1/activation-1.1.jar
7f9cfb6d1000-7f9cfb6d3000 r--s 00004000 08:02 1184371                    /home/willon/.m2/repository/javax/xml/stream/stax-api/1.0-2/stax-api-1.0-2.jar
7f9cfb6d3000-7f9cfb6d6000 r--s 00017000 08:02 1184369                    /home/willon/.m2/repository/javax/xml/bind/jaxb-api/2.2.2/jaxb-api-2.2.2.jar
7f9cfb6d6000-7f9cfb6e9000 r--s 000c7000 08:02 1184367                    /home/willon/.m2/repository/com/sun/xml/bind/jaxb-impl/2.2.3-1/jaxb-impl-2.2.3-1.jar
7f9cfb6e9000-7f9cfb6eb000 r--s 0000f000 08:02 1184364                    /home/willon/.m2/repository/org/codehaus/jettison/jettison/1.1/jettison-1.1.jar
7f9cfb6eb000-7f9cfb6ef000 r--s 00021000 08:02 1184361                    /home/willon/.m2/repository/com/sun/jersey/jersey-json/1.9/jersey-json-1.9.jar
7f9cfb6ef000-7f9cfb6f9000 r--s 00066000 08:02 1183953                    /home/willon/.m2/repository/com/sun/jersey/jersey-core/1.9/jersey-core-1.9.jar
7f9cfb6f9000-7f9cfb6fc000 ---p 00000000 00:00 0 
7f9cfb6fc000-7f9cfb7fa000 rw-p 00000000 00:00 0 
7f9cfb7fa000-7f9cfb7fd000 ---p 00000000 00:00 0 
7f9cfb7fd000-7f9cfb8fb000 rw-p 00000000 00:00 0 
7f9cfb8fb000-7f9cfb8fe000 ---p 00000000 00:00 0 
7f9cfb8fe000-7f9cfb9fc000 rw-p 00000000 00:00 0 
7f9cfb9fc000-7f9cfb9ff000 ---p 00000000 00:00 0 
7f9cfb9ff000-7f9cfbafd000 rw-p 00000000 00:00 0 
7f9cfbafd000-7f9cfbb00000 ---p 00000000 00:00 0 
7f9cfbb00000-7f9cfbbfe000 rw-p 00000000 00:00 0 
7f9cfbbfe000-7f9cfbc01000 ---p 00000000 00:00 0 
7f9cfbc01000-7f9cfbcff000 rw-p 00000000 00:00 0 
7f9cfbcff000-7f9cfbd02000 ---p 00000000 00:00 0 
7f9cfbd02000-7f9cfbeea000 rw-p 00000000 00:00 0 
7f9cfbeea000-7f9cfc000000 ---p 00000000 00:00 0 
7f9cfc000000-7f9cfc021000 rw-p 00000000 00:00 0 
7f9cfc021000-7f9d00000000 ---p 00000000 00:00 0 
7f9d00000000-7f9d00021000 rw-p 00000000 00:00 0 
7f9d00021000-7f9d04000000 ---p 00000000 00:00 0 
7f9d04000000-7f9d04021000 rw-p 00000000 00:00 0 
7f9d04021000-7f9d08000000 ---p 00000000 00:00 0 
7f9d08000000-7f9d08021000 rw-p 00000000 00:00 0 
7f9d08021000-7f9d0c000000 ---p 00000000 00:00 0 
7f9d0c000000-7f9d0c021000 rw-p 00000000 00:00 0 
7f9d0c021000-7f9d10000000 ---p 00000000 00:00 0 
7f9d10000000-7f9d10021000 rw-p 00000000 00:00 0 
7f9d10021000-7f9d14000000 ---p 00000000 00:00 0 
7f9d14000000-7f9d15101000 rw-p 00000000 00:00 0 
7f9d15101000-7f9d18000000 ---p 00000000 00:00 0 
7f9d18000000-7f9d18021000 rw-p 00000000 00:00 0 
7f9d18021000-7f9d1c000000 ---p 00000000 00:00 0 
7f9d1c000000-7f9d1d994000 rw-p 00000000 00:00 0 
7f9d1d994000-7f9d20000000 ---p 00000000 00:00 0 
7f9d20000000-7f9d2161f000 rw-p 00000000 00:00 0 
7f9d2161f000-7f9d24000000 ---p 00000000 00:00 0 
7f9d24000000-7f9d2405d000 rw-p 00000000 00:00 0 
7f9d2405d000-7f9d28000000 ---p 00000000 00:00 0 
7f9d28000000-7f9d29613000 rw-p 00000000 00:00 0 
7f9d29613000-7f9d2c000000 ---p 00000000 00:00 0 
7f9d2c000000-7f9d2c021000 rw-p 00000000 00:00 0 
7f9d2c021000-7f9d30000000 ---p 00000000 00:00 0 
7f9d30000000-7f9d30003000 r--s 00016000 08:02 1184359                    /home/willon/.m2/repository/javax/servlet/jsp/jsp-api/2.1/jsp-api-2.1.jar
7f9d30003000-7f9d30004000 r--s 00004000 08:02 1184358                    /home/willon/.m2/repository/org/mortbay/jetty/jetty-sslengine/6.1.26/jetty-sslengine-6.1.26.jar
7f9d30004000-7f9d30008000 r--s 00028000 08:02 1183949                    /home/willon/.m2/repository/org/mortbay/jetty/jetty-util/6.1.26/jetty-util-6.1.26.jar
7f9d30008000-7f9d3000f000 r--s 0007d000 08:02 1183937                    /home/willon/.m2/repository/org/mortbay/jetty/jetty/6.1.26/jetty-6.1.26.jar
7f9d3000f000-7f9d30011000 r--s 00018000 08:02 1181806                    /home/willon/.m2/repository/javax/servlet/servlet-api/2.5/servlet-api-2.5.jar
7f9d30011000-7f9d3001e000 r--s 00083000 08:02 1184348                    /home/willon/.m2/repository/commons-collections/commons-collections/3.2.2/commons-collections-3.2.2.jar
7f9d3001e000-7f9d30023000 r--s 0003e000 08:02 2500498                    /home/willon/.m2/repository/commons-net/commons-net/3.1/commons-net-3.1.jar
7f9d30023000-7f9d30025000 r--s 0000d000 08:02 1183950                    /home/willon/.m2/repository/commons-codec/commons-codec/1.4/commons-codec-1.4.jar
7f9d30025000-7f9d30027000 r--s 0000e000 08:02 1182031                    /home/willon/.m2/repository/commons-logging/commons-logging/1.2/commons-logging-1.2.jar
7f9d30027000-7f9d3002e000 r--s 00049000 08:02 1184349                    /home/willon/.m2/repository/org/apache/httpcomponents/httpcore/4.4.4/httpcore-4.4.4.jar
7f9d3002e000-7f9d3003b000 r--s 000a7000 08:02 1184418                    /home/willon/.m2/repository/org/apache/httpcomponents/httpclient/4.5.2/httpclient-4.5.2.jar
7f9d3003b000-7f9d3003c000 r--s 00003000 08:02 2498169                    /home/willon/.m2/repository/xmlenc/xmlenc/0.52/xmlenc-0.52.jar
7f9d3003c000-7f9d3003f000 ---p 00000000 00:00 0 
7f9d3003f000-7f9d3013d000 rw-p 00000000 00:00 0 
7f9d3013d000-7f9d3015a000 r--s 0016a000 08:02 1184345                    /home/willon/.m2/repository/org/apache/commons/commons-math3/3.1.1/commons-math3-3.1.1.jar
7f9d3015a000-7f9d3015d000 r--s 00006000 08:02 1184428                    /home/willon/.m2/repository/com/google/code/findbugs/jsr305/3.0.0/jsr305-3.0.0.jar
7f9d3015d000-7f9d30189000 r--s 00208000 08:02 1182803                    /home/willon/.m2/repository/com/google/guava/guava/19.0/guava-19.0.jar
7f9d30189000-7f9d3018b000 r--s 0000a000 08:02 1186096                    /home/willon/.m2/repository/org/apache/hadoop/hadoop-annotations/2.8.1/hadoop-annotations-2.8.1.jar
7f9d3018b000-7f9d301c5000 r--s 00358000 08:02 1186080                    /home/willon/.m2/repository/org/apache/hadoop/hadoop-common/2.8.1/hadoop-common-2.8.1.jar
7f9d301c5000-7f9d301c9000 r--s 0003a000 08:02 1187186                    /home/willon/.m2/repository/org/codehaus/plexus/plexus-utils/3.0.17/plexus-utils-3.0.17.jar
7f9d301c9000-7f9d301cf000 r--s 00042000 08:02 1182811                    /home/willon/.m2/repository/org/eclipse/sisu/org.eclipse.sisu.inject/0.0.0.M5/org.eclipse.sisu.inject-0.0.0.M5.jar
7f9d301cf000-7f9d301d1000 r--s 00000000 08:02 1182809                    /home/willon/.m2/repository/aopalliance/aopalliance/1.0/aopalliance-1.0.jar
7f9d301d1000-7f9d301d9000 r--s 00050000 08:02 1182808                    /home/willon/.m2/repository/org/sonatype/sisu/sisu-guice/3.1.0/sisu-guice-3.1.0-no_aop.jar
7f9d301d9000-7f9d301dc000 r--s 00006000 08:02 1183936                    /home/willon/.m2/repository/com/google/code/findbugs/jsr305/1.3.9/jsr305-1.3.9.jar
7f9d301dc000-7f9d301fa000 r--s 00151000 08:02 1187183                    /home/willon/.m2/repository/com/google/guava/guava/10.0.1/guava-10.0.1.jar
7f9d301fa000-7f9d301fb000 r--s 00001000 08:02 1182801                    /home/willon/.m2/repository/javax/annotation/jsr250-api/1.0/jsr250-api-1.0.jar
7f9d301fb000-7f9d301fe000 r--s 00008000 08:02 1182798                    /home/willon/.m2/repository/javax/enterprise/cdi-api/1.0/cdi-api-1.0.jar
7f9d301fe000-7f9d301ff000 r--s 00005000 08:02 3162069                    /home/willon/.m2/repository/kr/motd/maven/os-maven-plugin/1.2.3.Final/os-maven-plugin-1.2.3.Final.jar
7f9d301ff000-7f9d30200000 r--s 00001000 08:02 1187147                    /home/willon/.m2/repository/org/slf4j/slf4j-nop/1.5.3/slf4j-nop-1.5.3.jar
7f9d30200000-7f9d30205000 r--s 0002d000 08:02 1187144                    /home/willon/.m2/repository/org/apache/jackrabbit/jackrabbit-jcr-commons/1.5.0/jackrabbit-jcr-commons-1.5.0.jar
7f9d30205000-7f9d3020b000 r--s 00044000 08:02 1187141                    /home/willon/.m2/repository/org/apache/jackrabbit/jackrabbit-webdav/1.5.0/jackrabbit-webdav-1.5.0.jar
7f9d3020b000-7f9d3020d000 r--s 0000d000 08:02 1181776                    /home/willon/.m2/repository/commons-logging/commons-logging/1.1.1/commons-logging-1.1.1.jar
7f9d3020d000-7f9d3020f000 r--s 00006000 08:02 1185541                    /home/willon/.m2/repository/commons-codec/commons-codec/1.2/commons-codec-1.2.jar
7f9d3020f000-7f9d30215000 r--s 00045000 08:02 1182889                    /home/willon/.m2/repository/commons-httpclient/commons-httpclient/3.1/commons-httpclient-3.1.jar
7f9d30215000-7f9d30218000 r--s 00019000 08:02 3162059                    /home/willon/.m2/repository/nekohtml/nekohtml/1.9.6.2/nekohtml-1.9.6.2.jar
7f9d30218000-7f9d3021a000 r--s 00008000 08:02 3162057                    /home/willon/.m2/repository/nekohtml/xercesMinimal/1.9.6.2/xercesMinimal-1.9.6.2.jar
7f9d3021a000-7f9d3021c000 r--s 00005000 08:02 1187139                    /home/willon/.m2/repository/org/apache/maven/wagon/wagon-http-shared/1.0-beta-7/wagon-http-shared-1.0-beta-7.jar
7f9d3021c000-7f9d3021e000 r--s 00003000 08:02 1187137                    /home/willon/.m2/repository/org/apache/maven/wagon/wagon-webdav-jackrabbit/1.0-beta-7/wagon-webdav-jackrabbit-1.0-beta-7.jar
7f9d3021e000-7f9d30220000 r--s 00001000 08:02 1187092                    /home/willon/.m2/repository/org/apache/maven/wagon/wagon-ssh-external/1.0-alpha-5/wagon-ssh-external-1.0-alpha-5.jar
7f9d30220000-7f9d30226000 r--s 00080000 08:02 1187086                    /home/willon/.m2/repository/biz/aQute/bndlib/1.15.0/bndlib-1.15.0.jar
7f9d30226000-7f9d30426000 rw-p 00000000 00:00 0 
7f9d30426000-7f9d30429000 r--s 00023000 08:02 1187075                    /home/willon/.m2/repository/org/jdom/jdom/1.1/jdom-1.1.jar
7f9d30429000-7f9d3042c000 r--s 0000d000 08:02 1187072                    /home/willon/.m2/repository/org/codehaus/plexus/plexus-interpolation/1.21/plexus-interpolation-1.21.jar
7f9d3042c000-7f9d30433000 r--s 00056000 08:02 1187070                    /home/willon/.m2/repository/org/apache/commons/commons-compress/1.9/commons-compress-1.9.jar
7f9d30433000-7f9d30437000 r--s 0000f000 08:02 1187071                    /home/willon/.m2/repository/org/codehaus/plexus/plexus-io/2.3.2/plexus-io-2.3.2.jar
7f9d30437000-7f9d3043b000 r--s 0001f000 08:02 1187066                    /home/willon/.m2/repository/org/codehaus/plexus/plexus-archiver/2.8.1/plexus-archiver-2.8.1.jar
7f9d3043b000-7f9d30443000 r--s 00045000 08:02 1182022                    /home/willon/.m2/repository/junit/junit/4.12/junit-4.12.jar
7f9d30443000-7f9d3046e000 r--s 0024a000 08:02 1187028                    /home/willon/.m2/repository/biz/aQute/bnd/biz.aQute.bndlib/3.5.0/biz.aQute.bndlib-3.5.0.jar
7f9d3046e000-7f9d3066e000 rw-p 00000000 00:00 0 
7f9d3066e000-7f9d3086e000 rw-p 00000000 00:00 0 
7f9d3086e000-7f9d30871000 ---p 00000000 00:00 0 
7f9d30871000-7f9d3096f000 rw-p 00000000 00:00 0 
7f9d3096f000-7f9d30972000 ---p 00000000 00:00 0 
7f9d30972000-7f9d30a70000 rw-p 00000000 00:00 0 
7f9d30a70000-7f9d30a73000 ---p 00000000 00:00 0 
7f9d30a73000-7f9d30b71000 rw-p 00000000 00:00 0 
7f9d30b71000-7f9d30b74000 ---p 00000000 00:00 0 
7f9d30b74000-7f9d30c72000 rw-p 00000000 00:00 0 
7f9d30c72000-7f9d30c75000 ---p 00000000 00:00 0 
7f9d30c75000-7f9d30f73000 rw-p 00000000 00:00 0 
7f9d30f73000-7f9d31173000 rw-p 00000000 00:00 0 
7f9d31173000-7f9d31175000 r--s 0001b000 08:02 1187085                    /home/willon/.m2/repository/org/apache/felix/maven-bundle-plugin/2.3.4/maven-bundle-plugin-2.3.4.jar
7f9d31175000-7f9d31176000 r--s 00005000 08:02 1187065                    /home/willon/.m2/repository/org/apache/maven/maven-archiver/2.6/maven-archiver-2.6.jar
7f9d31176000-7f9d31178000 r--s 00009000 08:02 1182786                    /home/willon/.m2/repository/commons-cli/commons-cli/1.2/commons-cli-1.2.jar
7f9d31178000-7f9d3117a000 r--s 00009000 08:02 1182046                    /home/willon/.m2/repository/org/hamcrest/hamcrest-core/1.3/hamcrest-core-1.3.jar
7f9d3117a000-7f9d3117b000 r--s 00002000 08:02 1182784                    /home/willon/.m2/repository/org/apache/maven/doxia/doxia-logging-api/1.1/doxia-logging-api-1.1.jar
7f9d3117b000-7f9d3117c000 r--s 00002000 08:02 1187041                    /home/willon/.m2/repository/org/apache/maven/reporting/maven-reporting-api/2.2.0/maven-reporting-api-2.2.0.jar
7f9d3117c000-7f9d3117e000 r--s 0000b000 08:02 1187032                    /home/willon/.m2/repository/org/objenesis/objenesis/2.2/objenesis-2.2.jar
7f9d3117e000-7f9d31187000 r--s 0006b000 08:02 1187030                    /home/willon/.m2/repository/org/easymock/easymock/3.4/easymock-3.4.jar
7f9d31187000-7f9d3118b000 r--s 00035000 08:02 1186939                    /home/willon/.m2/repository/org/apache/felix/maven-bundle-plugin/3.5.0/maven-bundle-plugin-3.5.0.jar
7f9d3118b000-7f9d3118d000 r--s 00005000 08:02 1186924                    /home/willon/.m2/repository/org/apache/maven/wagon/wagon-ssh-common/1.0-beta-7/wagon-ssh-common-1.0-beta-7.jar
7f9d3118d000-7f9d31190000 r--s 0002c000 08:02 1186922                    /home/willon/.m2/repository/org/codehaus/plexus/plexus-utils/1.4.2/plexus-utils-1.4.2.jar
7f9d31190000-7f9d31191000 r--s 00003000 08:02 1186920                    /home/willon/.m2/repository/org/apache/maven/wagon/wagon-ssh-external/1.0-beta-7/wagon-ssh-external-1.0-beta-7.jar
7f9d31191000-7f9d31192000 r--s 00002000 08:02 1180723                    /home/willon/.m2/repository/org/codehaus/plexus/plexus-interactivity-api/1.0-alpha-6/plexus-interactivity-api-1.0-alpha-6.jar
7f9d31192000-7f9d31194000 r--s 00005000 08:02 1186895                    /home/willon/.m2/repository/org/apache/maven/wagon/wagon-ssh-common/2.0/wagon-ssh-common-2.0.jar
7f9d31194000-7f9d31198000 r--s 00031000 08:02 1186893                    /home/willon/.m2/repository/com/jcraft/jsch/0.1.44-1/jsch-0.1.44-1.jar
7f9d31198000-7f9d3119a000 r--s 00006000 08:02 1186891                    /home/willon/.m2/repository/org/apache/maven/wagon/wagon-ssh/2.0/wagon-ssh-2.0.jar
7f9d3119a000-7f9d3119d000 r--s 00022000 08:02 1186863                    /home/willon/.m2/repository/org/apache/felix/org.apache.felix.bundlerepository/1.6.2/org.apache.felix.bundlerepository-1.6.2.jar
7f9d3119d000-7f9d311a1000 r--s 00041000 08:02 1182854                    /home/willon/.m2/repository/biz/aQute/bndlib/0.0.357/bndlib-0.0.357.jar
7f9d311a1000-7f9d311a4000 r--s 0001e000 08:02 1186861                    /home/willon/.m2/repository/org/apache/felix/maven-bundle-plugin/2.1.0/maven-bundle-plugin-2.1.0.jar
7f9d311a4000-7f9d311a8000 r--s 00038000 08:02 3162045                    /home/willon/.m2/repository/ch/ethz/ganymed/ganymed-ssh2/build210/ganymed-ssh2-build210.jar
7f9d311a8000-7f9d311b7000 r--s 0011c000 08:02 1186847                    /home/willon/.m2/repository/org/jvnet/hudson/svnkit/svnkit/1.1.4-hudson-4/svnkit-1.1.4-hudson-4.jar
7f9d311b7000-7f9d311b8000 r--s 00004000 08:02 1186845                    /home/willon/.m2/repository/org/jvnet/wagon-svn/wagon-svn/1.8/wagon-svn-1.8.jar
7f9d311b8000-7f9d311b9000 r--s 00002000 08:02 1186825                    /home/willon/.m2/repository/org/apache/maven/shared/maven-osgi/0.1.0/maven-osgi-0.1.0.jar
7f9d311b9000-7f9d311ba000 r--s 00004000 08:02 1186824                    /home/willon/.m2/repository/org/apache/maven/shared/maven-dependency-tree/1.0/maven-dependency-tree-1.0.jar
7f9d311ba000-7f9d311be000 r--s 0002b000 08:02 1186821                    /home/willon/.m2/repository/org/codehaus/plexus/plexus-utils/1.4.1/plexus-utils-1.4.1.jar
7f9d311be000-7f9d311c0000 r--s 0001b000 08:02 1186807                    /home/willon/.m2/repository/biz/aQute/bndlib/0.0.160/bndlib-0.0.160.jar
7f9d311c0000-7f9d311c2000 r--s 0001e000 08:02 1186805                    /home/willon/.m2/repository/org/apache/felix/maven-bundle-plugin/1.0.0/maven-bundle-plugin-1.0.0.jar
7f9d311c2000-7f9d311c4000 r--s 00026000 08:02 1183725                    /home/willon/.m2/repository/org/codehaus/plexus/plexus-utils/1.0.4/plexus-utils-1.0.4.jar
7f9d311c4000-7f9d311c6000 r--s 00008000 08:02 1183444                    /home/willon/.m2/repository/commons-logging/commons-logging/1.0.4/commons-logging-1.0.4.jar
7f9d311c6000-7f9d311c7000 r--s 00005000 08:02 3162034                    /home/willon/.m2/repository/de/zeigermann/xml/xml-im-exporter/1.1/xml-im-exporter-1.1.jar
7f9d311c7000-7f9d311ca000 r--s 00023000 08:02 1180673                    /home/willon/.m2/repository/jdom/jdom/1.0/jdom-1.0.jar
7f9d311ca000-7f9d311cf000 r--s 00033000 08:02 1186779                    /home/willon/.m2/repository/commons-httpclient/commons-httpclient/2.0.2/commons-httpclient-2.0.2.jar
7f9d311cf000-7f9d311d3000 r--s 00027000 08:02 2633174                    /home/willon/.m2/repository/slide/slide-webdavlib/2.1/slide-webdavlib-2.1.jar
7f9d311d3000-7f9d311d5000 r--s 00003000 08:02 1186777                    /home/willon/.m2/repository/org/apache/maven/wagon/wagon-webdav/1.0-beta-2/wagon-webdav-1.0-beta-2.jar
7f9d311d5000-7f9d311d8000 r--s 00025000 08:02 1186761                    /home/willon/.m2/repository/biz/aQute/bndlib/0.0.255/bndlib-0.0.255.jar
7f9d311d8000-7f9d311da000 r--s 00020000 08:02 1186759                    /home/willon/.m2/repository/org/apache/felix/maven-bundle-plugin/1.4.1/maven-bundle-plugin-1.4.1.jar
7f9d311da000-7f9d311dd000 r--s 0002f000 08:02 1186746                    /home/willon/.m2/repository/org/codehaus/plexus/plexus-utils/1.4.7/plexus-utils-1.4.7.jar
7f9d311dd000-7f9d311e0000 r--s 00020000 08:02 1183723                    /home/willon/.m2/repository/org/codehaus/plexus/plexus-archiver/1.0-alpha-7/plexus-archiver-1.0-alpha-7.jar
7f9d311e0000-7f9d311e2000 r--s 00002000 08:02 1186742                    /home/willon/.m2/repository/org/apache/maven/shared/maven-osgi/0.2.0/maven-osgi-0.2.0.jar
7f9d311e2000-7f9d311e4000 r--s 00007000 08:02 1186741                    /home/willon/.m2/repository/org/apache/maven/shared/maven-dependency-tree/1.1/maven-dependency-tree-1.1.jar
7f9d311e4000-7f9d311e5000 r--s 00002000 08:02 1183719                    /home/willon/.m2/repository/org/apache/maven/maven-archiver/2.2/maven-archiver-2.2.jar
7f9d311e5000-7f9d311e6000 r--s 00002000 08:02 1186737                    /home/willon/.m2/repository/org/apache/felix/org.osgi.service.obr/1.0.1/org.osgi.service.obr-1.0.1.jar
7f9d311e6000-7f9d311e8000 r--s 0000d000 08:02 1186735                    /home/willon/.m2/repository/org/apache/felix/org.osgi.core/1.0.0/org.osgi.core-1.0.0.jar
7f9d311e8000-7f9d311e9000 r--s 00001000 08:02 3162025                    /home/willon/.m2/repository/xmlpull/xmlpull/1.1.3.1/xmlpull-1.1.3.1.jar
7f9d311e9000-7f9d311ea000 r--s 0000a000 08:02 1186733                    /home/willon/.m2/repository/net/sf/kxml/kxml2/2.2.2/kxml2-2.2.2.jar
7f9d311ea000-7f9d311ec000 r--s 00025000 08:02 1186731                    /home/willon/.m2/repository/biz/aQute/bndlib/0.0.238/bndlib-0.0.238.jar
7f9d311ec000-7f9d311ef000 r--s 0001f000 08:02 1186729                    /home/willon/.m2/repository/org/apache/felix/maven-bundle-plugin/1.4.0/maven-bundle-plugin-1.4.0.jar
7f9d311ef000-7f9d311f2000 r--s 00034000 08:02 1185653                    /home/willon/.m2/repository/org/codehaus/plexus/plexus-utils/2.1/plexus-utils-2.1.jar
7f9d311f2000-7f9d311f4000 r--s 00007000 08:02 1186668                    /home/willon/.m2/repository/org/apache/maven/shared/maven-dependency-tree/1.2/maven-dependency-tree-1.2.jar
7f9d311f4000-7f9d311f7000 r--s 0000a000 08:02 1181839                    /home/willon/.m2/repository/org/codehaus/plexus/plexus-io/1.0/plexus-io-1.0.jar
7f9d311f7000-7f9d311fb000 r--s 00028000 08:02 1181838                    /home/willon/.m2/repository/org/codehaus/plexus/plexus-archiver/1.0/plexus-archiver-1.0.jar
7f9d311fb000-7f9d311fc000 r--s 00004000 08:02 1185595                    /home/willon/.m2/repository/org/apache/maven/maven-archiver/2.4.1/maven-archiver-2.4.1.jar
7f9d311fc000-7f9d31200000 r--s 00024000 08:02 1186666                    /home/willon/.m2/repository/org/osgi/org.osgi.core/4.1.0/org.osgi.core-4.1.0.jar
7f9d31200000-7f9d3120f000 r--s 000d2000 08:02 1186664                    /home/willon/.m2/repository/biz/aQute/bndlib/1.50.0/bndlib-1.50.0.jar
7f9d3120f000-7f9d31212000 r--s 0001c000 08:02 1186662                    /home/willon/.m2/repository/org/apache/felix/maven-bundle-plugin/2.3.7/maven-bundle-plugin-2.3.7.jar
7f9d31212000-7f9d31214000 r--s 00004000 08:02 1186645                    /home/willon/.m2/repository/org/apache/maven/doxia/doxia-module-xhtml/1.0/doxia-module-xhtml-1.0.jar
7f9d31214000-7f9d31215000 r--s 00006000 08:02 1186640                    /home/willon/.m2/repository/org/apache/maven/doxia/doxia-module-xdoc/1.0/doxia-module-xdoc-1.0.jar
7f9d31215000-7f9d31216000 r--s 00004000 08:02 1186641                    /home/willon/.m2/repository/org/apache/maven/doxia/doxia-module-fml/1.0/doxia-module-fml-1.0.jar
7f9d31216000-7f9d31218000 r--s 0000a000 08:02 1186642                    /home/willon/.m2/repository/org/apache/maven/doxia/doxia-module-apt/1.0/doxia-module-apt-1.0.jar
7f9d31218000-7f9d31225000 r--s 0007f000 08:02 1186636                    /home/willon/.m2/repository/commons-collections/commons-collections/3.2/commons-collections-3.2.jar
7f9d31225000-7f9d31226000 r--s 0000b000 08:02 1186635                    /home/willon/.m2/repository/org/apache/maven/doxia/doxia-decoration-model/1.0/doxia-decoration-model-1.0.jar
7f9d31226000-7f9d31228000 r--s 0000e000 08:02 1181844                    /home/willon/.m2/repository/oro/oro/2.0.8/oro-2.0.8.jar
7f9d31228000-7f9d31230000 r--s 00058000 08:02 1181843                    /home/willon/.m2/repository/org/apache/velocity/velocity/1.5/velocity-1.5.jar
7f9d31230000-7f9d31231000 r--s 00001000 08:02 1186370                    /home/willon/.m2/repository/org/codehaus/plexus/plexus-velocity/1.1.7/plexus-velocity-1.1.7.jar
7f9d31231000-7f9d31232000 r--s 00002000 08:02 1181840                    /home/willon/.m2/repository/org/codehaus/plexus/plexus-i18n/1.0-beta-7/plexus-i18n-1.0-beta-7.jar
7f9d31232000-7f9d31235000 r--s 0000b000 08:02 1186633                    /home/willon/.m2/repository/org/apache/maven/doxia/doxia-core/1.0/doxia-core-1.0.jar
7f9d31235000-7f9d31237000 r--s 0000a000 08:02 1186632                    /home/willon/.m2/repository/org/apache/maven/doxia/doxia-site-renderer/1.0/doxia-site-renderer-1.0.jar
7f9d31237000-7f9d31238000 r--s 00002000 08:02 1186629                    /home/willon/.m2/repository/org/apache/maven/doxia/doxia-sink-api/1.0/doxia-sink-api-1.0.jar
7f9d31238000-7f9d3123c000 r--s 00035000 08:02 1186628                    /home/willon/.m2/repository/org/codehaus/plexus/plexus-utils/3.0.10/plexus-utils-3.0.10.jar
7f9d3123c000-7f9d31240000 r--s 0001d000 08:02 1181756                    /home/willon/.m2/repository/org/eclipse/aether/aether-util/0.9.0.M2/aether-util-0.9.0.M2.jar
7f9d31240000-7f9d31243000 r--s 0000c000 08:02 1186624                    /home/willon/.m2/repository/org/apache/maven/shared/maven-dependency-tree/2.1/maven-dependency-tree-2.1.jar
7f9d31243000-7f9d31251000 r--s 00088000 08:02 1186592                    /home/willon/.m2/repository/org/osgi/org.osgi.compendium/4.2.0/org.osgi.compendium-4.2.0.jar
7f9d31251000-7f9d31253000 r--s 0000f000 08:02 1186590                    /home/willon/.m2/repository/org/apache/felix/org.apache.felix.utils/1.6.0/org.apache.felix.utils-1.6.0.jar
7f9d31253000-7f9d31255000 r--s 00012000 08:02 1186588                    /home/willon/.m2/repository/org/easymock/easymock/2.4/easymock-2.4.jar
7f9d31255000-7f9d31259000 r--s 00026000 08:02 1186586                    /home/willon/.m2/repository/org/apache/felix/org.apache.felix.bundlerepository/1.6.6/org.apache.felix.bundlerepository-1.6.6.jar
7f9d31259000-7f9d31260000 r--s 0004f000 08:02 1186584                    /home/willon/.m2/repository/org/osgi/org.osgi.core/4.3.1/org.osgi.core-4.3.1.jar
7f9d31260000-7f9d31460000 rw-p 00000000 00:00 0 
7f9d31460000-7f9d38000000 r--p 00000000 08:02 1311070                    /usr/lib/locale/locale-archive
7f9d38000000-7f9d38021000 rw-p 00000000 00:00 0 
7f9d38021000-7f9d3c000000 ---p 00000000 00:00 0 
7f9d3c000000-7f9d3c021000 rw-p 00000000 00:00 0 
7f9d3c021000-7f9d40000000 ---p 00000000 00:00 0 
7f9d40000000-7f9d4028f000 rw-p 00000000 00:00 0 
7f9d4028f000-7f9d44000000 ---p 00000000 00:00 0 
7f9d44000000-7f9d44001000 r--s 00002000 08:02 1186600                    /home/willon/.m2/repository/org/apache/maven/reporting/maven-reporting-api/2.0.7/maven-reporting-api-2.0.7.jar
7f9d44001000-7f9d4401f000 r--s 00196000 08:02 1186582                    /home/willon/.m2/repository/biz/aQute/bnd/bndlib/2.3.0/bndlib-2.3.0.jar
7f9d4401f000-7f9d44022000 r--s 00028000 08:02 1186581                    /home/willon/.m2/repository/org/apache/felix/maven-bundle-plugin/2.5.0/maven-bundle-plugin-2.5.0.jar
7f9d44022000-7f9d44028000 r--s 00033000 08:02 1180807                    /home/willon/.m2/repository/commons-codec/commons-codec/1.6/commons-codec-1.6.jar
7f9d44028000-7f9d4402c000 r--s 00039000 08:02 1182192                    /home/willon/.m2/repository/org/codehaus/plexus/plexus-utils/3.0.24/plexus-utils-3.0.24.jar
7f9d4402c000-7f9d4402d000 r--s 00005000 08:02 1186224                    /home/willon/.m2/repository/org/apache/maven/maven-archiver/3.1.1/maven-archiver-3.1.1.jar
7f9d4402d000-7f9d44030000 r--s 00012000 08:02 1186223                    /home/willon/.m2/repository/org/codehaus/plexus/plexus-io/2.7.1/plexus-io-2.7.1.jar
7f9d44030000-7f9d44032000 r--s 00001000 08:02 1182196                    /home/willon/.m2/repository/org/sonatype/plexus/plexus-build-api/0.0.7/plexus-build-api-0.0.7.jar
7f9d44032000-7f9d44034000 r--s 0000b000 08:02 1182194                    /home/willon/.m2/repository/org/apache/maven/shared/maven-filtering/3.1.1/maven-filtering-3.1.1.jar
7f9d44034000-7f9d44038000 r--s 0002f000 08:02 1182142                    /home/willon/.m2/repository/commons-io/commons-io/2.5/commons-io-2.5.jar
7f9d44038000-7f9d4403b000 r--s 00008000 08:02 1186215                    /home/willon/.m2/repository/org/apache/maven/shared/maven-shared-io/3.0.0/maven-shared-io-3.0.0.jar
7f9d4403b000-7f9d4403d000 r--s 00007000 08:02 1186214                    /home/willon/.m2/repository/org/apache/maven/shared/file-management/3.0.0/file-management-3.0.0.jar
7f9d4403d000-7f9d44041000 r--s 00015000 08:02 1186211                    /home/willon/.m2/repository/org/tukaani/xz/1.5/xz-1.5.jar
7f9d44041000-7f9d44043000 r--s 0000d000 08:02 1186209                    /home/willon/.m2/repository/org/iq80/snappy/snappy/0.4/snappy-0.4.jar
7f9d44043000-7f9d4404b000 r--s 00060000 08:02 1186207                    /home/willon/.m2/repository/org/apache/commons/commons-compress/1.11/commons-compress-1.11.jar
7f9d4404b000-7f9d44050000 r--s 00029000 08:02 1186205                    /home/willon/.m2/repository/org/codehaus/plexus/plexus-archiver/3.4/plexus-archiver-3.4.jar
7f9d44050000-7f9d44053000 r--s 00011000 08:02 1182198                    /home/willon/.m2/repository/org/codehaus/plexus/plexus-interpolation/1.24/plexus-interpolation-1.24.jar
7f9d44053000-7f9d44058000 r--s 0001a000 08:02 1180795                    /home/willon/.m2/repository/org/apache/maven/shared/maven-artifact-transfer/0.9.0/maven-artifact-transfer-0.9.0.jar
7f9d44058000-7f9d4405b000 r--s 00025000 08:02 1182140                    /home/willon/.m2/repository/org/apache/maven/shared/maven-shared-utils/3.1.0/maven-shared-utils-3.1.0.jar
7f9d4405b000-7f9d4405e000 r--s 0000d000 08:02 1186204                    /home/willon/.m2/repository/org/apache/maven/shared/maven-common-artifact-filters/3.0.1/maven-common-artifact-filters-3.0.1.jar
7f9d4405e000-7f9d44060000 r--s 00000000 08:02 1180662                    /home/willon/.m2/repository/org/codehaus/plexus/plexus-component-annotations/1.6/plexus-component-annotations-1.6.jar
7f9d44060000-7f9d44064000 r--s 00017000 08:02 1180768                    /home/willon/.m2/repository/org/sonatype/aether/aether-util/1.7/aether-util-1.7.jar
7f9d44064000-7f9d4406f000 r--s 00069000 08:02 1180737                    /home/willon/.m2/repository/org/sonatype/sisu/sisu-guice/2.1.7/sisu-guice-2.1.7-noaop.jar
7f9d4406f000-7f9d44074000 r--s 00021000 08:02 1180736                    /home/willon/.m2/repository/org/sonatype/sisu/sisu-inject-bean/1.4.2/sisu-inject-bean-1.4.2.jar
7f9d44074000-7f9d44078000 r--s 00037000 08:02 1186127                    /home/willon/.m2/repository/org/apache/maven/plugins/maven-assembly-plugin/3.0.0/maven-assembly-plugin-3.0.0.jar
7f9d44078000-7f9d4407c000 r--s 00034000 08:02 1179765                    /home/willon/.m2/repository/org/codehaus/plexus/plexus-utils/3.0/plexus-utils-3.0.jar
7f9d4407c000-7f9d44080000 r--s 0002f000 08:02 1180351                    /home/willon/.m2/repository/commons-lang/commons-lang/2.1/commons-lang-2.1.jar
7f9d44080000-7f9d44083000 r--s 0000c000 08:02 1180340                    /home/willon/.m2/repository/org/codehaus/plexus/plexus-io/2.0.2/plexus-io-2.0.2.jar
7f9d44083000-7f9d44088000 r--s 00029000 08:02 1180338                    /home/willon/.m2/repository/org/codehaus/plexus/plexus-archiver/2.1/plexus-archiver-2.1.jar
7f9d44088000-7f9d4408a000 r--s 0000d000 08:02 1180336                    /home/willon/.m2/repository/org/codehaus/plexus/plexus-interpolation/1.15/plexus-interpolation-1.15.jar
7f9d4408a000-7f9d4408c000 r--s 00004000 08:02 1180334                    /home/willon/.m2/repository/org/apache/maven/maven-archiver/2.5/maven-archiver-2.5.jar
7f9d4408c000-7f9d4408e000 r--s 00007000 08:02 1180266                    /home/willon/.m2/repository/org/apache/maven/plugins/maven-jar-plugin/2.4/maven-jar-plugin-2.4.jar
7f9d4408e000-7f9d44090000 r--s 00002000 08:02 1181135                    /home/willon/.m2/repository/org/apache/maven/plugin-tools/maven-plugin-annotations/3.1/maven-plugin-annotations-3.1.jar
7f9d44090000-7f9d44091000 r--s 00002000 08:02 1181128                    /home/willon/.m2/repository/org/apache/maven/reporting/maven-reporting-api/2.0.9/maven-reporting-api-2.0.9.jar
7f9d44091000-7f9d44095000 r--s 00035000 08:02 1181127                    /home/willon/.m2/repository/org/codehaus/plexus/plexus-utils/3.0.8/plexus-utils-3.0.8.jar
7f9d44095000-7f9d44097000 r--s 00006000 08:02 1181124                    /home/willon/.m2/repository/org/apache/maven/shared/maven-common-artifact-filters/1.3/maven-common-artifact-filters-1.3.jar
7f9d44097000-7f9d4409d000 r--s 00048000 08:02 1181122                    /home/willon/.m2/repository/org/apache/commons/commons-lang3/3.1/commons-lang3-3.1.jar
7f9d4409d000-7f9d440a2000 r--s 0003c000 08:02 1181120                    /home/willon/.m2/repository/org/apache/maven/surefire/maven-surefire-common/2.12.4/maven-surefire-common-2.12.4.jar
7f9d440a2000-7f9d440a6000 r--s 00019000 08:02 1181118                    /home/willon/.m2/repository/org/apache/maven/surefire/surefire-api/2.12.4/surefire-api-2.12.4.jar
7f9d440a6000-7f9d440a8000 r--s 00007000 08:02 1181116                    /home/willon/.m2/repository/org/apache/maven/surefire/surefire-booter/2.12.4/surefire-booter-2.12.4.jar
7f9d440a8000-7f9d440a9000 r--s 00007000 08:02 1181055                    /home/willon/.m2/repository/org/apache/maven/plugins/maven-surefire-plugin/2.12.4/maven-surefire-plugin-2.12.4.jar
7f9d440a9000-7f9d442a9000 rw-p 00000000 00:00 0 
7f9d442a9000-7f9d44323000 r--s 010f6000 08:02 1711270                    /usr/local/lib/jdk-8/lib/tools.jar
7f9d44323000-7f9d44326000 r--s 0001b000 08:02 1181017                    /home/willon/.m2/repository/junit/junit/3.8.2/junit-3.8.2.jar
7f9d44326000-7f9d44334000 r--s 0008f000 08:02 1181014                    /home/willon/.m2/repository/com/google/collections/google-collections/1.0/google-collections-1.0.jar
7f9d44334000-7f9d44335000 r--s 0000a000 08:02 1181013                    /home/willon/.m2/repository/commons-logging/commons-logging-api/1.1/commons-logging-api-1.1.jar
7f9d44335000-7f9d4433c000 r--s 00051000 08:02 1181011                    /home/willon/.m2/repository/log4j/log4j/1.2.12/log4j-1.2.12.jar
7f9d4433c000-7f9d44340000 r--s 0001d000 08:02 1181008                    /home/willon/.m2/repository/org/apache/xbean/xbean-reflect/3.4/xbean-reflect-3.4.jar
7f9d44340000-7f9d44341000 r--s 00004000 08:02 1186278                    /home/willon/.m2/repository/org/codehaus/plexus/plexus-compiler-javac/2.5/plexus-compiler-javac-2.5.jar
7f9d44341000-7f9d44343000 r--s 00000000 08:02 1186276                    /home/willon/.m2/repository/org/codehaus/plexus/plexus-compiler-manager/2.5/plexus-compiler-manager-2.5.jar
7f9d44343000-7f9d44345000 r--s 00005000 08:02 1186275                    /home/willon/.m2/repository/org/codehaus/plexus/plexus-compiler-api/2.5/plexus-compiler-api-2.5.jar
7f9d44345000-7f9d44347000 r--s 00000000 08:02 1180991                    /home/willon/.m2/repository/org/codehaus/plexus/plexus-component-annotations/1.5.5/plexus-component-annotations-1.5.5.jar
7f9d44347000-7f9d44349000 r--s 00002000 08:02 1180989                    /home/willon/.m2/repository/org/apache/maven/shared/maven-shared-incremental/1.1/maven-shared-incremental-1.1.jar
7f9d44349000-7f9d4434b000 r--s 00006000 08:02 1180805                    /home/willon/.m2/repository/com/google/code/findbugs/jsr305/2.0.1/jsr305-2.0.1.jar
7f9d4434b000-7f9d4434f000 r--s 00026000 08:02 1186271                    /home/willon/.m2/repository/org/apache/maven/shared/maven-shared-utils/0.7/maven-shared-utils-0.7.jar
7f9d4434f000-7f9d44351000 r--s 00002000 08:02 1180780                    /home/willon/.m2/repository/org/sonatype/plexus/plexus-cipher/1.4/plexus-cipher-1.4.jar
7f9d44351000-7f9d44352000 r--s 00006000 08:02 1180773                    /home/willon/.m2/repository/org/sonatype/plexus/plexus-sec-dispatcher/1.3/plexus-sec-dispatcher-1.3.jar
7f9d44352000-7f9d4435a000 r--s 00049000 08:02 1182767                    /home/willon/.m2/repository/backport-util-concurrent/backport-util-concurrent/3.1/backport-util-concurrent-3.1.jar
7f9d4435a000-7f9d4435c000 r--s 00003000 08:02 1182776                    /home/willon/.m2/repository/org/slf4j/jcl-over-slf4j/1.5.6/jcl-over-slf4j-1.5.6.jar
7f9d4435c000-7f9d4435e000 r--s 00001000 08:02 1182774                    /home/willon/.m2/repository/org/slf4j/slf4j-jdk14/1.5.6/slf4j-jdk14-1.5.6.jar
7f9d4435e000-7f9d44360000 r--s 0000b000 08:02 1182758                    /home/willon/.m2/repository/org/codehaus/plexus/plexus-interpolation/1.11/plexus-interpolation-1.11.jar
7f9d44360000-7f9d44364000 r--s 00034000 08:02 1186265                    /home/willon/.m2/repository/org/codehaus/plexus/plexus-utils/1.5.15/plexus-utils-1.5.15.jar
7f9d44364000-7f9d44366000 r--s 0000a000 08:02 1186233                    /home/willon/.m2/repository/org/apache/maven/plugins/maven-compiler-plugin/3.3/maven-compiler-plugin-3.3.jar
7f9d44366000-7f9d44368000 r--s 0000d000 08:02 1180251                    /home/willon/.m2/repository/org/codehaus/plexus/plexus-interpolation/1.13/plexus-interpolation-1.13.jar
7f9d44368000-7f9d44369000 r--s 00001000 08:02 1180250                    /home/willon/.m2/repository/org/sonatype/plexus/plexus-build-api/0.0.4/plexus-build-api-0.0.4.jar
7f9d44369000-7f9d4436b000 r--s 00009000 08:02 1180248                    /home/willon/.m2/repository/org/apache/maven/shared/maven-filtering/1.1/maven-filtering-1.1.jar
7f9d4436b000-7f9d4436f000 r--s 00033000 08:02 1180242                    /home/willon/.m2/repository/org/codehaus/plexus/plexus-utils/2.0.5/plexus-utils-2.0.5.jar
7f9d4436f000-7f9d44372000 r--s 0001b000 08:02 1180241                    /home/willon/.m2/repository/junit/junit/3.8.1/junit-3.8.1.jar
7f9d44372000-7f9d44374000 r--s 00002000 08:02 1180226                    /home/willon/.m2/repository/org/codehaus/plexus/plexus-interactivity-api/1.0-alpha-4/plexus-interactivity-api-1.0-alpha-4.jar
7f9d44374000-7f9d44376000 r--s 00006000 08:02 1180218                    /home/willon/.m2/repository/commons-cli/commons-cli/1.0/commons-cli-1.0.jar
7f9d44376000-7f9d44377000 r--s 00001000 08:02 1180212                    /home/willon/.m2/repository/org/apache/maven/doxia/doxia-sink-api/1.0-alpha-7/doxia-sink-api-1.0-alpha-7.jar
7f9d44377000-7f9d44378000 r--s 00002000 08:02 1180210                    /home/willon/.m2/repository/org/apache/maven/reporting/maven-reporting-api/2.0.6/maven-reporting-api-2.0.6.jar
7f9d44378000-7f9d44578000 rw-p 00000000 00:00 0 
7f9d44578000-7f9d4457a000 r--s 00006000 08:02 1179813                    /home/willon/.m2/repository/org/apache/maven/plugins/maven-resources-plugin/2.6/maven-resources-plugin-2.6.jar
7f9d4457a000-7f9d4458b000 r-xp 00000000 08:02 1713195                    /usr/local/lib/jdk-8/jre/lib/amd64/libnio.so
7f9d4458b000-7f9d4478a000 ---p 00011000 08:02 1713195                    /usr/local/lib/jdk-8/jre/lib/amd64/libnio.so
7f9d4478a000-7f9d4478b000 rw-p 00010000 08:02 1713195                    /usr/local/lib/jdk-8/jre/lib/amd64/libnio.so
7f9d4478b000-7f9d4498b000 rw-p 00000000 00:00 0 
7f9d4498b000-7f9d44990000 r--s 0009a000 08:02 1713035                    /usr/local/lib/jdk-8/jre/lib/jsse.jar
7f9d44990000-7f9d44b90000 rw-p 00000000 00:00 0 
7f9d44b90000-7f9d44d90000 rw-p 00000000 00:00 0 
7f9d44d90000-7f9d44d9a000 r--s 00116000 08:02 1713046                    /usr/local/lib/jdk-8/jre/lib/ext/localedata.jar
7f9d44d9a000-7f9d44d9b000 r--s 00006000 08:02 787891                     /home/willon/Software/idea17-3/plugins/maven/lib/maven3/lib/maven-repository-metadata-3.3.9.jar
7f9d44d9b000-7f9d44d9c000 r--s 00002000 08:02 787910                     /home/willon/Software/idea17-3/plugins/maven/lib/maven3/lib/slf4j-simple-1.7.5.jar
7f9d44d9c000-7f9d44d9e000 r--s 00000000 08:02 787856                     /home/willon/Software/idea17-3/plugins/maven/lib/maven3/lib/aopalliance-1.0.jar
7f9d44d9e000-7f9d44d9f000 r--s 0000a000 08:02 787893                     /home/willon/Software/idea17-3/plugins/maven/lib/maven3/lib/maven-settings-3.3.9.jar
7f9d44d9f000-7f9d44da1000 r--s 00002000 08:02 787901                     /home/willon/Software/idea17-3/plugins/maven/lib/maven3/lib/plexus-cipher-1.7.jar
7f9d44da1000-7f9d44da3000 r--s 0000f000 08:02 787873                     /home/willon/Software/idea17-3/plugins/maven/lib/maven3/lib/maven-aether-provider-3.3.9.jar
7f9d44da3000-7f9d44da7000 r--s 00038000 08:02 787907                     /home/willon/Software/idea17-3/plugins/maven/lib/maven3/lib/plexus-utils-3.0.22.jar
7f9d44da7000-7f9d44daa000 r--s 0000d000 08:02 787904                     /home/willon/Software/idea17-3/plugins/maven/lib/maven3/lib/plexus-interpolation-1.21.jar
7f9d44daa000-7f9d44dad000 r--s 00013000 08:02 787883                     /home/willon/Software/idea17-3/plugins/maven/lib/maven3/lib/maven-embedder-3.3.9.jar
7f9d44dad000-7f9d44db0000 r--s 00008000 08:02 787857                     /home/willon/Software/idea17-3/plugins/maven/lib/maven3/lib/cdi-api-1.0.jar
7f9d44db0000-7f9d44db2000 r--s 0000a000 08:02 787889                     /home/willon/Software/idea17-3/plugins/maven/lib/maven3/lib/maven-plugin-api-3.3.9.jar
7f9d44db2000-7f9d44db3000 r--s 00002000 08:02 787915                     /home/willon/Software/idea17-3/plugins/maven/lib/maven3/lib/wagon-http-shared-2.10.jar
7f9d44db3000-7f9d44db5000 r--s 00009000 08:02 787859                     /home/willon/Software/idea17-3/plugins/maven/lib/maven3/lib/commons-cli-1.2.jar
7f9d44db5000-7f9d44db7000 r--s 00009000 08:02 787894                     /home/willon/Software/idea17-3/plugins/maven/lib/maven3/lib/maven-settings-builder-3.3.9.jar
7f9d44db7000-7f9d44de5000 r--s 001fa000 08:02 787914                     /home/willon/Software/idea17-3/plugins/maven/lib/maven3/lib/wagon-http-2.10-shaded.jar
7f9d44de5000-7f9d44de8000 r--s 0000b000 08:02 787918                     /home/willon/Software/idea17-3/plugins/maven/lib/maven3/lib/wagon-provider-api-2.10.jar
7f9d44de8000-7f9d44dea000 r--s 00005000 08:02 787852                     /home/willon/Software/idea17-3/plugins/maven/lib/maven3/lib/aether-transport-wagon-1.0.2.v20150114.jar
7f9d44dea000-7f9d44deb000 ---p 00000000 00:00 0 
7f9d44deb000-7f9d44eeb000 rw-p 00000000 00:00 0 
7f9d44eeb000-7f9d44eee000 ---p 00000000 00:00 0 
7f9d44eee000-7f9d44fec000 rw-p 00000000 00:00 0 
7f9d44fec000-7f9d44fef000 ---p 00000000 00:00 0 
7f9d44fef000-7f9d450ed000 rw-p 00000000 00:00 0 
7f9d450ed000-7f9d450f0000 ---p 00000000 00:00 0 
7f9d450f0000-7f9d451ee000 rw-p 00000000 00:00 0 
7f9d451ee000-7f9d451f1000 ---p 00000000 00:00 0 
7f9d451f1000-7f9d452ef000 rw-p 00000000 00:00 0 
7f9d452ef000-7f9d45305000 r-xp 00000000 08:02 1713192                    /usr/local/lib/jdk-8/jre/lib/amd64/libnet.so
7f9d45305000-7f9d45505000 ---p 00016000 08:02 1713192                    /usr/local/lib/jdk-8/jre/lib/amd64/libnet.so
7f9d45505000-7f9d45506000 rw-p 00016000 08:02 1713192                    /usr/local/lib/jdk-8/jre/lib/amd64/libnet.so
7f9d45506000-7f9d45509000 ---p 00000000 00:00 0 
7f9d45509000-7f9d45607000 rw-p 00000000 00:00 0 
7f9d45607000-7f9d4560a000 ---p 00000000 00:00 0 
7f9d4560a000-7f9d45708000 rw-p 00000000 00:00 0 
7f9d45708000-7f9d4570b000 ---p 00000000 00:00 0 
7f9d4570b000-7f9d45809000 rw-p 00000000 00:00 0 
7f9d45809000-7f9d4580c000 ---p 00000000 00:00 0 
7f9d4580c000-7f9d4590a000 rw-p 00000000 00:00 0 
7f9d4590a000-7f9d4590d000 ---p 00000000 00:00 0 
7f9d4590d000-7f9d45a0b000 rw-p 00000000 00:00 0 
7f9d45a0b000-7f9d45a0c000 ---p 00000000 00:00 0 
7f9d45a0c000-7f9d47627000 rw-p 00000000 00:00 0 
7f9d47627000-7f9d47800000 r--s 03d40000 08:02 1712983                    /usr/local/lib/jdk-8/jre/lib/rt.jar
7f9d47800000-7f9d48000000 rw-p 00000000 00:00 0 
7f9d48000000-7f9d48021000 rw-p 00000000 00:00 0 
7f9d48021000-7f9d4c000000 ---p 00000000 00:00 0 
7f9d4c000000-7f9d4c021000 rw-p 00000000 00:00 0 
7f9d4c021000-7f9d50000000 ---p 00000000 00:00 0 
7f9d50000000-7f9d50021000 rw-p 00000000 00:00 0 
7f9d50021000-7f9d54000000 ---p 00000000 00:00 0 
7f9d54000000-7f9d54021000 rw-p 00000000 00:00 0 
7f9d54021000-7f9d58000000 ---p 00000000 00:00 0 
7f9d58000000-7f9d58021000 rw-p 00000000 00:00 0 
7f9d58021000-7f9d5c000000 ---p 00000000 00:00 0 
7f9d5c000000-7f9d5c021000 rw-p 00000000 00:00 0 
7f9d5c021000-7f9d60000000 ---p 00000000 00:00 0 
7f9d60000000-7f9d60021000 rw-p 00000000 00:00 0 
7f9d60021000-7f9d64000000 ---p 00000000 00:00 0 
7f9d64000000-7f9d64002000 r--s 00006000 08:02 787850                     /home/willon/Software/idea17-3/plugins/maven/lib/maven3/lib/aether-spi-1.0.2.v20150114.jar
7f9d64002000-7f9d64004000 r--s 0000c000 08:02 787875                     /home/willon/Software/idea17-3/plugins/maven/lib/maven3/lib/maven-artifact-3.3.9.jar
7f9d64004000-7f9d6400c000 r--s 00055000 08:02 787897                     /home/willon/Software/idea17-3/plugins/maven/lib/maven3/lib/org.eclipse.sisu.inject-0.3.2.jar
7f9d6400c000-7f9d64015000 r--s 0005f000 08:02 787867                     /home/willon/Software/idea17-3/plugins/maven/lib/maven3/lib/guice-4.0-no_aop.jar
7f9d64015000-7f9d64040000 r--s 001fc000 08:02 787866                     /home/willon/Software/idea17-3/plugins/maven/lib/maven3/lib/guava-18.0.jar
7f9d64040000-7f9d68000000 rw-p 00000000 00:00 0 
7f9d68000000-7f9d68021000 rw-p 00000000 00:00 0 
7f9d68021000-7f9d6c000000 ---p 00000000 00:00 0 
7f9d6c000000-7f9d6c001000 r--s 00000000 08:02 787868                     /home/willon/Software/idea17-3/plugins/maven/lib/maven3/lib/javax.inject-1.jar
7f9d6c001000-7f9d6c077000 rw-p 00000000 00:00 0 
7f9d6c077000-7f9d6c078000 ---p 00000000 00:00 0 
7f9d6c078000-7f9d6c178000 rw-p 00000000 00:00 0 
7f9d6c178000-7f9d6c179000 ---p 00000000 00:00 0 
7f9d6c179000-7f9d6c279000 rw-p 00000000 00:00 0 
7f9d6c279000-7f9d6c27a000 ---p 00000000 00:00 0 
7f9d6c27a000-7f9d6c37a000 rw-p 00000000 00:00 0 
7f9d6c37a000-7f9d6c37b000 ---p 00000000 00:00 0 
7f9d6c37b000-7f9d6c47b000 rw-p 00000000 00:00 0 
7f9d6c47b000-7f9d6c47c000 ---p 00000000 00:00 0 
7f9d6c47c000-7f9d6c57c000 rw-p 00000000 00:00 0 
7f9d6c57c000-7f9d6c57d000 ---p 00000000 00:00 0 
7f9d6c57d000-7f9d6c67d000 rw-p 00000000 00:00 0 
7f9d6c67d000-7f9d6c67e000 ---p 00000000 00:00 0 
7f9d6c67e000-7f9d6c77e000 rw-p 00000000 00:00 0 
7f9d6c77e000-7f9d6c77f000 ---p 00000000 00:00 0 
7f9d6c77f000-7f9d6c8f0000 rw-p 00000000 00:00 0 
7f9d6c8f0000-7f9d6caff000 ---p 00000000 00:00 0 
7f9d6caff000-7f9d6cc3f000 rw-p 00000000 00:00 0 
7f9d6cc3f000-7f9d6cc92000 rw-p 00000000 00:00 0 
7f9d6cc92000-7f9d6d000000 ---p 00000000 00:00 0 
7f9d6d000000-7f9d6e450000 rwxp 00000000 00:00 0 
7f9d6e450000-7f9d7c000000 ---p 00000000 00:00 0 
7f9d7c000000-7f9d7de5e000 rw-p 00000000 00:00 0 
7f9d7de5e000-7f9d80000000 ---p 00000000 00:00 0 
7f9d80000000-7f9d80003000 r--s 00026000 08:02 787885                     /home/willon/Software/idea17-3/plugins/maven/lib/maven3/lib/maven-model-3.3.9.jar
7f9d80003000-7f9d80008000 r--s 00041000 08:02 787861                     /home/willon/Software/idea17-3/plugins/maven/lib/maven3/lib/commons-lang-2.6.jar
7f9d80008000-7f9d80009000 r--s 00001000 08:02 787871                     /home/willon/Software/idea17-3/plugins/maven/lib/maven3/lib/jsr250-api-1.0.jar
7f9d80009000-7f9d80016000 r--s 0008f000 08:02 787881                     /home/willon/Software/idea17-3/plugins/maven/lib/maven3/lib/maven-core-3.3.9.jar
7f9d80016000-7f9d80018000 r--s 00005000 08:02 787908                     /home/willon/Software/idea17-3/plugins/maven/lib/maven3/lib/slf4j-api-1.7.5.jar
7f9d80018000-7f9d8001c000 r--s 00027000 08:02 787860                     /home/willon/Software/idea17-3/plugins/maven/lib/maven3/lib/commons-io-2.2.jar
7f9d8001c000-7f9d80022000 r--s 0002d000 08:02 787899                     /home/willon/Software/idea17-3/plugins/maven/lib/maven3/lib/org.eclipse.sisu.plexus-0.3.2.jar
7f9d80022000-7f9d80029000 r--s 00064000 08:02 787862                     /home/willon/Software/idea17-3/plugins/maven/lib/maven3/lib/commons-lang3-3.4.jar
7f9d80029000-7f9d8002d000 r--s 00027000 08:02 787848                     /home/willon/Software/idea17-3/plugins/maven/lib/maven3/lib/aether-impl-1.0.2.v20150114.jar
7f9d8002d000-7f9d80031000 r--s 00020000 08:02 787854                     /home/willon/Software/idea17-3/plugins/maven/lib/maven3/lib/aether-util-1.0.2.v20150114.jar
7f9d80031000-7f9d800a2000 rw-p 00000000 00:00 0 
7f9d800a2000-7f9d802b1000 ---p 00000000 00:00 0 
7f9d802b1000-7f9d802cb000 r-xp 00000000 08:02 1713188                    /usr/local/lib/jdk-8/jre/lib/amd64/libzip.so
7f9d802cb000-7f9d804cb000 ---p 0001a000 08:02 1713188                    /usr/local/lib/jdk-8/jre/lib/amd64/libzip.so
7f9d804cb000-7f9d804cc000 rw-p 0001a000 08:02 1713188                    /usr/local/lib/jdk-8/jre/lib/amd64/libzip.so
7f9d804cc000-7f9d804d6000 r-xp 00000000 08:02 1311873                    /usr/lib64/libnss_files-2.24.so
7f9d804d6000-7f9d806d6000 ---p 0000a000 08:02 1311873                    /usr/lib64/libnss_files-2.24.so
7f9d806d6000-7f9d806d7000 r--p 0000a000 08:02 1311873                    /usr/lib64/libnss_files-2.24.so
7f9d806d7000-7f9d806d8000 rw-p 0000b000 08:02 1311873                    /usr/lib64/libnss_files-2.24.so
7f9d806d8000-7f9d806de000 rw-p 00000000 00:00 0 
7f9d806de000-7f9d806e8000 r-xp 00000000 08:02 1713197                    /usr/local/lib/jdk-8/jre/lib/amd64/libinstrument.so
7f9d806e8000-7f9d808e7000 ---p 0000a000 08:02 1713197                    /usr/local/lib/jdk-8/jre/lib/amd64/libinstrument.so
7f9d808e7000-7f9d808e8000 rw-p 00009000 08:02 1713197                    /usr/local/lib/jdk-8/jre/lib/amd64/libinstrument.so
7f9d808e8000-7f9d80913000 r-xp 00000000 08:02 1713182                    /usr/local/lib/jdk-8/jre/lib/amd64/libjava.so
7f9d80913000-7f9d80b12000 ---p 0002b000 08:02 1713182                    /usr/local/lib/jdk-8/jre/lib/amd64/libjava.so
7f9d80b12000-7f9d80b14000 rw-p 0002a000 08:02 1713182                    /usr/local/lib/jdk-8/jre/lib/amd64/libjava.so
7f9d80b14000-7f9d80b21000 r-xp 00000000 08:02 1713187                    /usr/local/lib/jdk-8/jre/lib/amd64/libverify.so
7f9d80b21000-7f9d80d20000 ---p 0000d000 08:02 1713187                    /usr/local/lib/jdk-8/jre/lib/amd64/libverify.so
7f9d80d20000-7f9d80d22000 rw-p 0000c000 08:02 1713187                    /usr/local/lib/jdk-8/jre/lib/amd64/libverify.so
7f9d80d22000-7f9d80d29000 r-xp 00000000 08:02 1311964                    /usr/lib64/librt-2.24.so
7f9d80d29000-7f9d80f28000 ---p 00007000 08:02 1311964                    /usr/lib64/librt-2.24.so
7f9d80f28000-7f9d80f29000 r--p 00006000 08:02 1311964                    /usr/lib64/librt-2.24.so
7f9d80f29000-7f9d80f2a000 rw-p 00007000 08:02 1311964                    /usr/lib64/librt-2.24.so
7f9d80f2a000-7f9d81032000 r-xp 00000000 08:02 1311655                    /usr/lib64/libm-2.24.so
7f9d81032000-7f9d81231000 ---p 00108000 08:02 1311655                    /usr/lib64/libm-2.24.so
7f9d81231000-7f9d81232000 r--p 00107000 08:02 1311655                    /usr/lib64/libm-2.24.so
7f9d81232000-7f9d81233000 rw-p 00108000 08:02 1311655                    /usr/lib64/libm-2.24.so
7f9d81233000-7f9d81f02000 r-xp 00000000 08:02 1713165                    /usr/local/lib/jdk-8/jre/lib/amd64/server/libjvm.so
7f9d81f02000-7f9d82102000 ---p 00ccf000 08:02 1713165                    /usr/local/lib/jdk-8/jre/lib/amd64/server/libjvm.so
7f9d82102000-7f9d821db000 rw-p 00ccf000 08:02 1713165                    /usr/local/lib/jdk-8/jre/lib/amd64/server/libjvm.so
7f9d821db000-7f9d82226000 rw-p 00000000 00:00 0 
7f9d82226000-7f9d823e3000 r-xp 00000000 08:02 1311562                    /usr/lib64/libc-2.24.so
7f9d823e3000-7f9d825e2000 ---p 001bd000 08:02 1311562                    /usr/lib64/libc-2.24.so
7f9d825e2000-7f9d825e6000 r--p 001bc000 08:02 1311562                    /usr/lib64/libc-2.24.so
7f9d825e6000-7f9d825e8000 rw-p 001c0000 08:02 1311562                    /usr/lib64/libc-2.24.so
7f9d825e8000-7f9d825ec000 rw-p 00000000 00:00 0 
7f9d825ec000-7f9d825ef000 r-xp 00000000 08:02 1311612                    /usr/lib64/libdl-2.24.so
7f9d825ef000-7f9d827ee000 ---p 00003000 08:02 1311612                    /usr/lib64/libdl-2.24.so
7f9d827ee000-7f9d827ef000 r--p 00002000 08:02 1311612                    /usr/lib64/libdl-2.24.so
7f9d827ef000-7f9d827f0000 rw-p 00003000 08:02 1311612                    /usr/lib64/libdl-2.24.so
7f9d827f0000-7f9d82805000 r-xp 00000000 08:02 1712798                    /usr/local/lib/jdk-8/lib/amd64/jli/libjli.so
7f9d82805000-7f9d82a05000 ---p 00015000 08:02 1712798                    /usr/local/lib/jdk-8/lib/amd64/jli/libjli.so
7f9d82a05000-7f9d82a06000 rw-p 00015000 08:02 1712798                    /usr/local/lib/jdk-8/lib/amd64/jli/libjli.so
7f9d82a06000-7f9d82a1e000 r-xp 00000000 08:02 1311878                    /usr/lib64/libpthread-2.24.so
7f9d82a1e000-7f9d82c1e000 ---p 00018000 08:02 1311878                    /usr/lib64/libpthread-2.24.so
7f9d82c1e000-7f9d82c1f000 r--p 00018000 08:02 1311878                    /usr/lib64/libpthread-2.24.so
7f9d82c1f000-7f9d82c20000 rw-p 00019000 08:02 1311878                    /usr/lib64/libpthread-2.24.so
7f9d82c20000-7f9d82c24000 rw-p 00000000 00:00 0 
7f9d82c24000-7f9d82c4a000 r-xp 00000000 08:02 1311467                    /usr/lib64/ld-2.24.so
7f9d82c4a000-7f9d82c4b000 r--s 00008000 08:02 787846                     /home/willon/Software/idea17-3/plugins/maven/lib/maven3/lib/aether-connector-basic-1.0.2.v20150114.jar
7f9d82c4b000-7f9d82c4c000 r--s 00002000 08:02 787912                     /home/willon/Software/idea17-3/plugins/maven/lib/maven3/lib/wagon-file-2.10.jar
7f9d82c4c000-7f9d82c51000 r--s 00027000 08:02 787886                     /home/willon/Software/idea17-3/plugins/maven/lib/maven3/lib/maven-model-builder-3.3.9.jar
7f9d82c51000-7f9d82c57000 r--s 00041000 08:02 787879                     /home/willon/Software/idea17-3/plugins/maven/lib/maven3/lib/maven-compat-3.3.9.jar
7f9d82c57000-7f9d82c59000 r--s 00000000 08:02 787903                     /home/willon/Software/idea17-3/plugins/maven/lib/maven3/lib/plexus-component-annotations-1.6.jar
7f9d82c59000-7f9d82c5a000 r--s 00003000 08:02 787877                     /home/willon/Software/idea17-3/plugins/maven/lib/maven3/lib/maven-builder-support-3.3.9.jar
7f9d82c5a000-7f9d82c60000 r--s 00042000 08:02 787869                     /home/willon/Software/idea17-3/plugins/maven/lib/maven3/lib/jsoup-1.7.2.jar
7f9d82c60000-7f9d82c61000 r--s 00006000 08:02 787905                     /home/willon/Software/idea17-3/plugins/maven/lib/maven3/lib/plexus-sec-dispatcher-1.3.jar
7f9d82c61000-7f9d82d31000 rw-p 00000000 00:00 0 
7f9d82d31000-7f9d82d34000 ---p 00000000 00:00 0 
7f9d82d34000-7f9d82e34000 rw-p 00000000 00:00 0 
7f9d82e34000-7f9d82e39000 r--s 0001d000 08:02 787844                     /home/willon/Software/idea17-3/plugins/maven/lib/maven3/lib/aether-api-1.0.2.v20150114.jar
7f9d82e39000-7f9d82e3b000 r--s 0001a000 08:02 2630578                    /home/willon/Software/idea17-3/lib/idea_rt.jar
7f9d82e3b000-7f9d82e3d000 r--s 0000b000 08:02 787837                     /home/willon/Software/idea17-3/plugins/maven/lib/maven3/boot/plexus-classworlds-2.5.2.jar
7f9d82e3d000-7f9d82e45000 rw-s 00000000 00:27 140909                     /tmp/hsperfdata_willon/8088
7f9d82e45000-7f9d82e46000 rw-p 00000000 00:00 0 
7f9d82e46000-7f9d82e47000 ---p 00000000 00:00 0 
7f9d82e47000-7f9d82e49000 rw-p 00000000 00:00 0 
7f9d82e49000-7f9d82e4a000 r--p 00025000 08:02 1311467                    /usr/lib64/ld-2.24.so
7f9d82e4a000-7f9d82e4b000 rw-p 00026000 08:02 1311467                    /usr/lib64/ld-2.24.so
7f9d82e4b000-7f9d82e4c000 rw-p 00000000 00:00 0 
7ffc82921000-7ffc82942000 rw-p 00000000 00:00 0                          [stack]
7ffc829ee000-7ffc829f0000 r--p 00000000 00:00 0                          [vvar]
7ffc829f0000-7ffc829f2000 r-xp 00000000 00:00 0                          [vdso]
ffffffffff600000-ffffffffff601000 r-xp 00000000 00:00 0                  [vsyscall]

VM Arguments:
jvm_args: -Dmaven.multiModuleProjectDirectory=/home/willon/IdeaProjects/Woss_ChenLong/M0010_MapreReduce_0010 -Dmaven.home=/home/willon/Software/idea17-3/plugins/maven/lib/maven3 -Dclassworlds.conf=/home/willon/Software/idea17-3/plugins/maven/lib/maven3/bin/m2.conf -javaagent:/home/willon/Software/idea17-3/lib/idea_rt.jar=39621:/home/willon/Software/idea17-3/bin -Dfile.encoding=UTF-8 
java_command: org.codehaus.classworlds.Launcher -Didea.version=2017.3.2 package
java_class_path (initial): /home/willon/Software/idea17-3/plugins/maven/lib/maven3/boot/plexus-classworlds-2.5.2.jar:/home/willon/Software/idea17-3/lib/idea_rt.jar
Launcher Type: SUN_STANDARD

Environment Variables:
JAVA_HOME=/usr/local/lib/jdk-8
PATH=/usr/local/lib/jdk-8/bin:/usr/local/lib/maven-3.5/bin:/usr/local/lib/hadoop-2.8.2/bin:/usr/local/lib/hadoop-2.8.2/sbin:/home/willon/Tools/ADB:/usr/local/lib/scala-2.12.4/bin:/usr/local/bin:/usr/bin:/bin:/usr/local/sbin:/usr/sbin:/home/willon/.local/bin:/home/willon/bin
SHELL=/bin/bash
DISPLAY=:0.0

Signal Handlers:
SIGSEGV: [libjvm.so+0xac8af0], sa_mask[0]=11111111011111111101111111111110, sa_flags=SA_RESTART|SA_SIGINFO
SIGBUS: [libjvm.so+0xac8af0], sa_mask[0]=11111111011111111101111111111110, sa_flags=SA_RESTART|SA_SIGINFO
SIGFPE: [libjvm.so+0x921dd0], sa_mask[0]=11111111011111111101111111111110, sa_flags=SA_RESTART|SA_SIGINFO
SIGPIPE: [libjvm.so+0x921dd0], sa_mask[0]=11111111011111111101111111111110, sa_flags=SA_RESTART|SA_SIGINFO
SIGXFSZ: [libjvm.so+0x921dd0], sa_mask[0]=11111111011111111101111111111110, sa_flags=SA_RESTART|SA_SIGINFO
SIGILL: [libjvm.so+0x921dd0], sa_mask[0]=11111111011111111101111111111110, sa_flags=SA_RESTART|SA_SIGINFO
SIGUSR1: SIG_DFL, sa_mask[0]=00000000000000000000000000000000, sa_flags=none
SIGUSR2: [libjvm.so+0x923610], sa_mask[0]=00100000000000000000000000000000, sa_flags=SA_RESTART|SA_SIGINFO
SIGHUP: [libjvm.so+0x924a10], sa_mask[0]=11111111011111111101111111111110, sa_flags=SA_RESTART|SA_SIGINFO
SIGINT: [libjvm.so+0x924a10], sa_mask[0]=11111111011111111101111111111110, sa_flags=SA_RESTART|SA_SIGINFO
SIGTERM: [libjvm.so+0x924a10], sa_mask[0]=11111111011111111101111111111110, sa_flags=SA_RESTART|SA_SIGINFO
SIGQUIT: [libjvm.so+0x924a10], sa_mask[0]=11111111011111111101111111111110, sa_flags=SA_RESTART|SA_SIGINFO


---------------  S Y S T E M  ---------------

OS:Fedora release 25 (Twenty Five)

uname:Linux 4.8.6-300.fc25.x86_64 #1 SMP Tue Nov 1 12:36:38 UTC 2016 x86_64
libc:glibc 2.24 NPTL 2.24 
rlimit: STACK 8192k, CORE infinity, NPROC 30613, NOFILE 4096, AS infinity
load average:1.99 0.75 0.45

/proc/meminfo:
MemTotal:        7859520 kB
MemFree:          127728 kB
MemAvailable:      45788 kB
Buffers:            3748 kB
Cached:           255504 kB
SwapCached:            0 kB
Active:          2968888 kB
Inactive:         196712 kB
Active(anon):    2939820 kB
Inactive(anon):   164952 kB
Active(file):      29068 kB
Inactive(file):    31760 kB
Unevictable:          80 kB
Mlocked:              80 kB
SwapTotal:             0 kB
SwapFree:              0 kB
Dirty:              3760 kB
Writeback:             0 kB
AnonPages:       2906604 kB
Mapped:          4404264 kB
Shmem:            198356 kB
Slab:             130080 kB
SReclaimable:      49132 kB
SUnreclaim:        80948 kB
KernelStack:       12848 kB
PageTables:        50524 kB
NFS_Unstable:          0 kB
Bounce:                0 kB
WritebackTmp:          0 kB
CommitLimit:     3929760 kB
Committed_AS:   11040584 kB
VmallocTotal:   34359738367 kB
VmallocUsed:           0 kB
VmallocChunk:          0 kB
HardwareCorrupted:     0 kB
AnonHugePages:         0 kB
ShmemHugePages:        0 kB
ShmemPmdMapped:        0 kB
CmaTotal:              0 kB
CmaFree:               0 kB
HugePages_Total:       0
HugePages_Free:        0
HugePages_Rsvd:        0
HugePages_Surp:        0
Hugepagesize:       2048 kB
DirectMap4k:      344060 kB
DirectMap2M:     7725056 kB
DirectMap1G:           0 kB


CPU:total 8 (initial active 8) (4 cores per cpu, 2 threads per core) family 6 model 60 stepping 3, cmov, cx8, fxsr, mmx, sse, sse2, sse3, ssse3, sse4.1, sse4.2, popcnt, avx, avx2, aes, clmul, erms, lzcnt, ht, tsc, tscinvbit, bmi1, bmi2

/proc/cpuinfo:
processor	: 0
vendor_id	: GenuineIntel
cpu family	: 6
model		: 60
model name	: Intel(R) Core(TM) i7-4800MQ CPU @ 2.70GHz
stepping	: 3
microcode	: 0x22
cpu MHz		: 3091.717
cache size	: 6144 KB
physical id	: 0
siblings	: 8
core id		: 0
cpu cores	: 4
apicid		: 0
initial apicid	: 0
fpu		: yes
fpu_exception	: yes
cpuid level	: 13
wp		: yes
flags		: fpu vme de pse tsc msr pae mce cx8 apic sep mtrr pge mca cmov pat pse36 clflush dts acpi mmx fxsr sse sse2 ss ht tm pbe syscall nx pdpe1gb rdtscp lm constant_tsc arch_perfmon pebs bts rep_good nopl xtopology nonstop_tsc aperfmperf eagerfpu pni pclmulqdq dtes64 monitor ds_cpl vmx smx est tm2 ssse3 sdbg fma cx16 xtpr pdcm pcid sse4_1 sse4_2 x2apic movbe popcnt tsc_deadline_timer aes xsave avx f16c rdrand lahf_lm abm epb tpr_shadow vnmi flexpriority ept vpid fsgsbase tsc_adjust bmi1 avx2 smep bmi2 erms invpcid xsaveopt dtherm ida arat pln pts
bugs		:
bogomips	: 5388.04
clflush size	: 64
cache_alignment	: 64
address sizes	: 39 bits physical, 48 bits virtual
power management:

processor	: 1
vendor_id	: GenuineIntel
cpu family	: 6
model		: 60
model name	: Intel(R) Core(TM) i7-4800MQ CPU @ 2.70GHz
stepping	: 3
microcode	: 0x22
cpu MHz		: 3091.717
cache size	: 6144 KB
physical id	: 0
siblings	: 8
core id		: 0
cpu cores	: 4
apicid		: 1
initial apicid	: 1
fpu		: yes
fpu_exception	: yes
cpuid level	: 13
wp		: yes
flags		: fpu vme de pse tsc msr pae mce cx8 apic sep mtrr pge mca cmov pat pse36 clflush dts acpi mmx fxsr sse sse2 ss ht tm pbe syscall nx pdpe1gb rdtscp lm constant_tsc arch_perfmon pebs bts rep_good nopl xtopology nonstop_tsc aperfmperf eagerfpu pni pclmulqdq dtes64 monitor ds_cpl vmx smx est tm2 ssse3 sdbg fma cx16 xtpr pdcm pcid sse4_1 sse4_2 x2apic movbe popcnt tsc_deadline_timer aes xsave avx f16c rdrand lahf_lm abm epb tpr_shadow vnmi flexpriority ept vpid fsgsbase tsc_adjust bmi1 avx2 smep bmi2 erms invpcid xsaveopt dtherm ida arat pln pts
bugs		:
bogomips	: 5408.87
clflush size	: 64
cache_alignment	: 64
address sizes	: 39 bits physical, 48 bits virtual
power management:

processor	: 2
vendor_id	: GenuineIntel
cpu family	: 6
model		: 60
model name	: Intel(R) Core(TM) i7-4800MQ CPU @ 2.70GHz
stepping	: 3
microcode	: 0x22
cpu MHz		: 2823.925
cache size	: 6144 KB
physical id	: 0
siblings	: 8
core id		: 1
cpu cores	: 4
apicid		: 2
initial apicid	: 2
fpu		: yes
fpu_exception	: yes
cpuid level	: 13
wp		: yes
flags		: fpu vme de pse tsc msr pae mce cx8 apic sep mtrr pge mca cmov pat pse36 clflush dts acpi mmx fxsr sse sse2 ss ht tm pbe syscall nx pdpe1gb rdtscp lm constant_tsc arch_perfmon pebs bts rep_good nopl xtopology nonstop_tsc aperfmperf eagerfpu pni pclmulqdq dtes64 monitor ds_cpl vmx smx est tm2 ssse3 sdbg fma cx16 xtpr pdcm pcid sse4_1 sse4_2 x2apic movbe popcnt tsc_deadline_timer aes xsave avx f16c rdrand lahf_lm abm epb tpr_shadow vnmi flexpriority ept vpid fsgsbase tsc_adjust bmi1 avx2 smep bmi2 erms invpcid xsaveopt dtherm ida arat pln pts
bugs		:
bogomips	: 5401.84
clflush size	: 64
cache_alignment	: 64
address sizes	: 39 bits physical, 48 bits virtual
power management:

processor	: 3
vendor_id	: GenuineIntel
cpu family	: 6
model		: 60
model name	: Intel(R) Core(TM) i7-4800MQ CPU @ 2.70GHz
stepping	: 3
microcode	: 0x22
cpu MHz		: 2805.303
cache size	: 6144 KB
physical id	: 0
siblings	: 8
core id		: 1
cpu cores	: 4
apicid		: 3
initial apicid	: 3
fpu		: yes
fpu_exception	: yes
cpuid level	: 13
wp		: yes
flags		: fpu vme de pse tsc msr pae mce cx8 apic sep mtrr pge mca cmov pat pse36 clflush dts acpi mmx fxsr sse sse2 ss ht tm pbe syscall nx pdpe1gb rdtscp lm constant_tsc arch_perfmon pebs bts rep_good nopl xtopology nonstop_tsc aperfmperf eagerfpu pni pclmulqdq dtes64 monitor ds_cpl vmx smx est tm2 ssse3 sdbg fma cx16 xtpr pdcm pcid sse4_1 sse4_2 x2apic movbe popcnt tsc_deadline_timer aes xsave avx f16c rdrand lahf_lm abm epb tpr_shadow vnmi flexpriority ept vpid fsgsbase tsc_adjust bmi1 avx2 smep bmi2 erms invpcid xsaveopt dtherm ida arat pln pts
bugs		:
bogomips	: 5402.41
clflush size	: 64
cache_alignment	: 64
address sizes	: 39 bits physical, 48 bits virtual
power management:

processor	: 4
vendor_id	: GenuineIntel
cpu family	: 6
model		: 60
model name	: Intel(R) Core(TM) i7-4800MQ CPU @ 2.70GHz
stepping	: 3
microcode	: 0x22
cpu MHz		: 3108.032
cache size	: 6144 KB
physical id	: 0
siblings	: 8
core id		: 2
cpu cores	: 4
apicid		: 4
initial apicid	: 4
fpu		: yes
fpu_exception	: yes
cpuid level	: 13
wp		: yes
flags		: fpu vme de pse tsc msr pae mce cx8 apic sep mtrr pge mca cmov pat pse36 clflush dts acpi mmx fxsr sse sse2 ss ht tm pbe syscall nx pdpe1gb rdtscp lm constant_tsc arch_perfmon pebs bts rep_good nopl xtopology nonstop_tsc aperfmperf eagerfpu pni pclmulqdq dtes64 monitor ds_cpl vmx smx est tm2 ssse3 sdbg fma cx16 xtpr pdcm pcid sse4_1 sse4_2 x2apic movbe popcnt tsc_deadline_timer aes xsave avx f16c rdrand lahf_lm abm epb tpr_shadow vnmi flexpriority ept vpid fsgsbase tsc_adjust bmi1 avx2 smep bmi2 erms invpcid xsaveopt dtherm ida arat pln pts
bugs		:
bogomips	: 5402.31
clflush size	: 64
cache_alignment	: 64
address sizes	: 39 bits physical, 48 bits virtual
power management:

processor	: 5
vendor_id	: GenuineIntel
cpu family	: 6
model		: 60
model name	: Intel(R) Core(TM) i7-4800MQ CPU @ 2.70GHz
stepping	: 3
microcode	: 0x22
cpu MHz		: 2705.603
cache size	: 6144 KB
physical id	: 0
siblings	: 8
core id		: 2
cpu cores	: 4
apicid		: 5
initial apicid	: 5
fpu		: yes
fpu_exception	: yes
cpuid level	: 13
wp		: yes
flags		: fpu vme de pse tsc msr pae mce cx8 apic sep mtrr pge mca cmov pat pse36 clflush dts acpi mmx fxsr sse sse2 ss ht tm pbe syscall nx pdpe1gb rdtscp lm constant_tsc arch_perfmon pebs bts rep_good nopl xtopology nonstop_tsc aperfmperf eagerfpu pni pclmulqdq dtes64 monitor ds_cpl vmx smx est tm2 ssse3 sdbg fma cx16 xtpr pdcm pcid sse4_1 sse4_2 x2apic movbe popcnt tsc_deadline_timer aes xsave avx f16c rdrand lahf_lm abm epb tpr_shadow vnmi flexpriority ept vpid fsgsbase tsc_adjust bmi1 avx2 smep bmi2 erms invpcid xsaveopt dtherm ida arat pln pts
bugs		:
bogomips	: 5402.32
clflush size	: 64
cache_alignment	: 64
address sizes	: 39 bits physical, 48 bits virtual
power management:

processor	: 6
vendor_id	: GenuineIntel
cpu family	: 6
model		: 60
model name	: Intel(R) Core(TM) i7-4800MQ CPU @ 2.70GHz
stepping	: 3
microcode	: 0x22
cpu MHz		: 3147.747
cache size	: 6144 KB
physical id	: 0
siblings	: 8
core id		: 3
cpu cores	: 4
apicid		: 6
initial apicid	: 6
fpu		: yes
fpu_exception	: yes
cpuid level	: 13
wp		: yes
flags		: fpu vme de pse tsc msr pae mce cx8 apic sep mtrr pge mca cmov pat pse36 clflush dts acpi mmx fxsr sse sse2 ss ht tm pbe syscall nx pdpe1gb rdtscp lm constant_tsc arch_perfmon pebs bts rep_good nopl xtopology nonstop_tsc aperfmperf eagerfpu pni pclmulqdq dtes64 monitor ds_cpl vmx smx est tm2 ssse3 sdbg fma cx16 xtpr pdcm pcid sse4_1 sse4_2 x2apic movbe popcnt tsc_deadline_timer aes xsave avx f16c rdrand lahf_lm abm epb tpr_shadow vnmi flexpriority ept vpid fsgsbase tsc_adjust bmi1 avx2 smep bmi2 erms invpcid xsaveopt dtherm ida arat pln pts
bugs		:
bogomips	: 5402.33
clflush size	: 64
cache_alignment	: 64
address sizes	: 39 bits physical, 48 bits virtual
power management:

processor	: 7
vendor_id	: GenuineIntel
cpu family	: 6
model		: 60
model name	: Intel(R) Core(TM) i7-4800MQ CPU @ 2.70GHz
stepping	: 3
microcode	: 0x22
cpu MHz		: 2747.296
cache size	: 6144 KB
physical id	: 0
siblings	: 8
core id		: 3
cpu cores	: 4
apicid		: 7
initial apicid	: 7
fpu		: yes
fpu_exception	: yes
cpuid level	: 13
wp		: yes
flags		: fpu vme de pse tsc msr pae mce cx8 apic sep mtrr pge mca cmov pat pse36 clflush dts acpi mmx fxsr sse sse2 ss ht tm pbe syscall nx pdpe1gb rdtscp lm constant_tsc arch_perfmon pebs bts rep_good nopl xtopology nonstop_tsc aperfmperf eagerfpu pni pclmulqdq dtes64 monitor ds_cpl vmx smx est tm2 ssse3 sdbg fma cx16 xtpr pdcm pcid sse4_1 sse4_2 x2apic movbe popcnt tsc_deadline_timer aes xsave avx f16c rdrand lahf_lm abm epb tpr_shadow vnmi flexpriority ept vpid fsgsbase tsc_adjust bmi1 avx2 smep bmi2 erms invpcid xsaveopt dtherm ida arat pln pts
bugs		:
bogomips	: 5403.10
clflush size	: 64
cache_alignment	: 64
address sizes	: 39 bits physical, 48 bits virtual
power management:



Memory: 4k page, physical 7859520k(127728k free), swap 0k(0k free)

vm_info: Java HotSpot(TM) 64-Bit Server VM (25.131-b11) for linux-amd64 JRE (1.8.0_131-b11), built on Mar 15 2017 01:23:40 by "java_re" with gcc 4.3.0 20080428 (Red Hat 4.3.0-8)

time: Fri Jan 19 16:22:54 2018
elapsed time: 14 seconds (0d 0h 0m 14s)

